#
# There is insufficient memory for the Java Runtime Environment to continue.
# Native memory allocation (malloc) failed to allocate 624176 bytes for Chunk::new
# Possible reasons:
#   The system is out of physical RAM or swap space
#   The process is running with CompressedOops enabled, and the Java Heap may be blocking the growth of the native heap
# Possible solutions:
#   Reduce memory load on the system
#   Increase physical memory or swap space
#   Check if swap backing store is full
#   Decrease Java heap size (-Xmx/-Xms)
#   Decrease number of Java threads
#   Decrease Java thread stack sizes (-Xss)
#   Set larger code cache with -XX:ReservedCodeCacheSize=
#   JVM is running with Unscaled Compressed Oops mode in which the Java heap is
#     placed in the first 4GB address space. The Java Heap base address is the
#     maximum limit for the native heap growth. Please use -XX:HeapBaseMinAddress
#     to set the Java Heap base and to place the Java Heap above 4GB virtual address.
# This output file may be truncated or incomplete.
#
#  Out of Memory Error (./open/src/hotspot/share/memory/arena.cpp:195), pid=23584, tid=19600
#
# JRE version: Java(TM) SE Runtime Environment (15.0.1+9) (build 15.0.1+9-18)
# Java VM: Java HotSpot(TM) 64-Bit Server VM (15.0.1+9-18, mixed mode, sharing, tiered, compressed oops, g1 gc, windows-amd64)
# No core dump will be written. Minidumps are not enabled by default on client versions of Windows
#

---------------  S U M M A R Y ------------

Command Line: -agentlib:jdwp=transport=dt_socket,address=127.0.0.1:52157,suspend=y,server=n -javaagent:C:\Users\Dell\AppData\Local\JetBrains\IdeaIC2020.3\captureAgent\debugger-agent.jar -Dfile.encoding=UTF-8 com.paytm.inpg.Application

Host: Intel(R) Core(TM) i7-8550U CPU @ 1.80GHz, 8 cores, 7G,  Windows 10 , 64 bit Build 19041 (10.0.19041.662)
Time: Tue Jan 26 18:36:03 2021 India Standard Time elapsed time: 1.004038 seconds (0d 0h 0m 1s)

---------------  T H R E A D  ---------------

Current thread (0x00000299da492e30):  JavaThread "C2 CompilerThread0" daemon [_thread_in_native, id=19600, stack(0x000000d999000000,0x000000d999100000)]


Current CompileTask:
C2:   1004  699       4       java.util.jar.JarFile::getEntry (35 bytes)

Stack: [0x000000d999000000,0x000000d999100000]
Native frames: (J=compiled Java code, j=interpreted, Vv=VM code, C=native code)
V  [jvm.dll+0x62ae9a]
V  [jvm.dll+0x781389]
V  [jvm.dll+0x782ae3]
V  [jvm.dll+0x783143]
V  [jvm.dll+0x216265]
V  [jvm.dll+0x97efa]
V  [jvm.dll+0x985dc]
V  [jvm.dll+0x32e4c8]
V  [jvm.dll+0x2f78aa]
V  [jvm.dll+0x2f6c6a]
V  [jvm.dll+0x1ea645]
V  [jvm.dll+0x1e98ae]
V  [jvm.dll+0x1784c7]
V  [jvm.dll+0x1f9165]
V  [jvm.dll+0x1f720c]
V  [jvm.dll+0x74485d]
V  [jvm.dll+0x73d65a]
V  [jvm.dll+0x629c56]
C  [ucrtbase.dll+0x214c2]
C  [KERNEL32.DLL+0x17034]
C  [ntdll.dll+0x4d0d1]


---------------  P R O C E S S  ---------------

Threads class SMR info:
_java_thread_list=0x00000299db6c2440, length=15, elements={
0x00000299bb9b8050, 0x00000299da476d30, 0x00000299da477900, 0x00000299da48db10,
0x00000299da4904e0, 0x00000299da490f90, 0x00000299da492e30, 0x00000299da49b9e0,
0x00000299da4a6bb0, 0x00000299bba7e210, 0x00000299db046a90, 0x00000299daf97cf0,
0x00000299daf991f0, 0x00000299db1ccd10, 0x00000299dbb808f0
}

Java Threads: ( => current thread )
  0x00000299bb9b8050 JavaThread "main" [_thread_in_Java, id=4552, stack(0x000000d998400000,0x000000d998500000)]
  0x00000299da476d30 JavaThread "Reference Handler" daemon [_thread_blocked, id=19840, stack(0x000000d998b00000,0x000000d998c00000)]
  0x00000299da477900 JavaThread "Finalizer" daemon [_thread_blocked, id=16192, stack(0x000000d998c00000,0x000000d998d00000)]
  0x00000299da48db10 JavaThread "Signal Dispatcher" daemon [_thread_blocked, id=29356, stack(0x000000d998d00000,0x000000d998e00000)]
  0x00000299da4904e0 JavaThread "Attach Listener" daemon [_thread_blocked, id=26360, stack(0x000000d998e00000,0x000000d998f00000)]
  0x00000299da490f90 JavaThread "Service Thread" daemon [_thread_blocked, id=3144, stack(0x000000d998f00000,0x000000d999000000)]
=>0x00000299da492e30 JavaThread "C2 CompilerThread0" daemon [_thread_in_native, id=19600, stack(0x000000d999000000,0x000000d999100000)]
  0x00000299da49b9e0 JavaThread "C1 CompilerThread0" daemon [_thread_blocked, id=16840, stack(0x000000d999100000,0x000000d999200000)]
  0x00000299da4a6bb0 JavaThread "Sweeper thread" daemon [_thread_blocked, id=9896, stack(0x000000d999200000,0x000000d999300000)]
  0x00000299bba7e210 JavaThread "Common-Cleaner" daemon [_thread_blocked, id=29104, stack(0x000000d999300000,0x000000d999400000)]
  0x00000299db046a90 JavaThread "JDWP Transport Listener: dt_socket" daemon [_thread_blocked, id=29028, stack(0x000000d999400000,0x000000d999500000)]
  0x00000299daf97cf0 JavaThread "JDWP Event Helper Thread" daemon [_thread_blocked, id=19624, stack(0x000000d999500000,0x000000d999600000)]
  0x00000299daf991f0 JavaThread "JDWP Command Reader" daemon [_thread_in_native, id=7404, stack(0x000000d999600000,0x000000d999700000)]
  0x00000299db1ccd10 JavaThread "Notification Thread" daemon [_thread_blocked, id=29496, stack(0x000000d999700000,0x000000d999800000)]
  0x00000299dbb808f0 JavaThread "C2 CompilerThread1" daemon [_thread_in_native, id=23648, stack(0x000000d999900000,0x000000d999a00000)]

Other Threads:
  0x00000299da4734a0 VMThread "VM Thread" [stack: 0x000000d998a00000,0x000000d998b00000] [id=1120]
  0x00000299bb9b9180 WatcherThread [stack: 0x000000d999800000,0x000000d999900000] [id=240]
  0x00000299bb9f6fe0 GCTaskThread "GC Thread#0" [stack: 0x000000d998500000,0x000000d998600000] [id=1060]
  0x00000299bba09660 ConcurrentGCThread "G1 Main Marker" [stack: 0x000000d998600000,0x000000d998700000] [id=23068]
  0x00000299bba0a250 ConcurrentGCThread "G1 Conc#0" [stack: 0x000000d998700000,0x000000d998800000] [id=11612]
  0x00000299bba77510 ConcurrentGCThread "G1 Refine#0" [stack: 0x000000d998800000,0x000000d998900000] [id=24904]
  0x00000299bba78110 ConcurrentGCThread "G1 Young RemSet Sampling" [stack: 0x000000d998900000,0x000000d998a00000] [id=16116]

Threads with active compile tasks:
C2 CompilerThread0     1054  699       4       java.util.jar.JarFile::getEntry (35 bytes)
C2 CompilerThread1     1054  716       4       java.util.jar.Manifest$FastInputStream::readLine (296 bytes)

VM state: not at safepoint (normal execution)

VM Mutex/Monitor currently owned by a thread: None

Heap address: 0x0000000081800000, size: 2024 MB, Compressed Oops mode: 32-bit
CDS archive(s) mapped at: [0x0000000800000000-0x0000000800b50000-0x0000000800b50000), size 11862016, SharedBaseAddress: 0x0000000800000000, ArchiveRelocationMode: 0.
Compressed class space mapped at: 0x0000000800b50000-0x0000000840b50000, size: 1073741824
Narrow klass base: 0x0000000800000000, Narrow klass shift: 3, Narrow klass range: 0x100000000

GC Precious Log:
 CPUs: 8 total, 8 available
 Memory: 8089M
 Large Page Support: Disabled
 NUMA Support: Disabled
 Compressed Oops: Enabled (32-bit)
 Heap Region Size: 1M
 Heap Min Capacity: 8M
 Heap Initial Capacity: 128M
 Heap Max Capacity: 2024M
 Pre-touch: Disabled
 Parallel Workers: 8
 Concurrent Workers: 2
 Concurrent Refinement Workers: 8
 Periodic GC: Disabled

Heap:
 garbage-first heap   total 131072K, used 17408K [0x0000000081800000, 0x0000000100000000)
  region size 1024K, 17 young (17408K), 0 survivors (0K)
 Metaspace       used 2896K, capacity 5617K, committed 5760K, reserved 1056768K
  class space    used 273K, capacity 531K, committed 640K, reserved 1048576K

Heap Regions: E=young(eden), S=young(survivor), O=old, HS=humongous(starts), HC=humongous(continues), CS=collection set, F=free, OA=open archive, CA=closed archive, TAMS=top-at-mark-start (previous, next)
|   0|0x0000000081800000, 0x0000000081900000, 0x0000000081900000|100%|HS|  |TAMS 0x0000000081800000, 0x0000000081800000| Complete 
|   1|0x0000000081900000, 0x0000000081a00000, 0x0000000081a00000|100%|HS|  |TAMS 0x0000000081900000, 0x0000000081900000| Complete 
|   2|0x0000000081a00000, 0x0000000081a00000, 0x0000000081b00000|  0%| F|  |TAMS 0x0000000081a00000, 0x0000000081a00000| Untracked 
|   3|0x0000000081b00000, 0x0000000081b00000, 0x0000000081c00000|  0%| F|  |TAMS 0x0000000081b00000, 0x0000000081b00000| Untracked 
|   4|0x0000000081c00000, 0x0000000081c00000, 0x0000000081d00000|  0%| F|  |TAMS 0x0000000081c00000, 0x0000000081c00000| Untracked 
|   5|0x0000000081d00000, 0x0000000081d00000, 0x0000000081e00000|  0%| F|  |TAMS 0x0000000081d00000, 0x0000000081d00000| Untracked 
|   6|0x0000000081e00000, 0x0000000081e00000, 0x0000000081f00000|  0%| F|  |TAMS 0x0000000081e00000, 0x0000000081e00000| Untracked 
|   7|0x0000000081f00000, 0x0000000081f00000, 0x0000000082000000|  0%| F|  |TAMS 0x0000000081f00000, 0x0000000081f00000| Untracked 
|   8|0x0000000082000000, 0x0000000082000000, 0x0000000082100000|  0%| F|  |TAMS 0x0000000082000000, 0x0000000082000000| Untracked 
|   9|0x0000000082100000, 0x0000000082100000, 0x0000000082200000|  0%| F|  |TAMS 0x0000000082100000, 0x0000000082100000| Untracked 
|  10|0x0000000082200000, 0x0000000082200000, 0x0000000082300000|  0%| F|  |TAMS 0x0000000082200000, 0x0000000082200000| Untracked 
|  11|0x0000000082300000, 0x0000000082300000, 0x0000000082400000|  0%| F|  |TAMS 0x0000000082300000, 0x0000000082300000| Untracked 
|  12|0x0000000082400000, 0x0000000082400000, 0x0000000082500000|  0%| F|  |TAMS 0x0000000082400000, 0x0000000082400000| Untracked 
|  13|0x0000000082500000, 0x0000000082500000, 0x0000000082600000|  0%| F|  |TAMS 0x0000000082500000, 0x0000000082500000| Untracked 
|  14|0x0000000082600000, 0x0000000082600000, 0x0000000082700000|  0%| F|  |TAMS 0x0000000082600000, 0x0000000082600000| Untracked 
|  15|0x0000000082700000, 0x0000000082700000, 0x0000000082800000|  0%| F|  |TAMS 0x0000000082700000, 0x0000000082700000| Untracked 
|  16|0x0000000082800000, 0x0000000082800000, 0x0000000082900000|  0%| F|  |TAMS 0x0000000082800000, 0x0000000082800000| Untracked 
|  17|0x0000000082900000, 0x0000000082900000, 0x0000000082a00000|  0%| F|  |TAMS 0x0000000082900000, 0x0000000082900000| Untracked 
|  18|0x0000000082a00000, 0x0000000082a00000, 0x0000000082b00000|  0%| F|  |TAMS 0x0000000082a00000, 0x0000000082a00000| Untracked 
|  19|0x0000000082b00000, 0x0000000082b00000, 0x0000000082c00000|  0%| F|  |TAMS 0x0000000082b00000, 0x0000000082b00000| Untracked 
|  20|0x0000000082c00000, 0x0000000082c00000, 0x0000000082d00000|  0%| F|  |TAMS 0x0000000082c00000, 0x0000000082c00000| Untracked 
|  21|0x0000000082d00000, 0x0000000082d00000, 0x0000000082e00000|  0%| F|  |TAMS 0x0000000082d00000, 0x0000000082d00000| Untracked 
|  22|0x0000000082e00000, 0x0000000082e00000, 0x0000000082f00000|  0%| F|  |TAMS 0x0000000082e00000, 0x0000000082e00000| Untracked 
|  23|0x0000000082f00000, 0x0000000082f00000, 0x0000000083000000|  0%| F|  |TAMS 0x0000000082f00000, 0x0000000082f00000| Untracked 
|  24|0x0000000083000000, 0x0000000083000000, 0x0000000083100000|  0%| F|  |TAMS 0x0000000083000000, 0x0000000083000000| Untracked 
|  25|0x0000000083100000, 0x0000000083100000, 0x0000000083200000|  0%| F|  |TAMS 0x0000000083100000, 0x0000000083100000| Untracked 
|  26|0x0000000083200000, 0x0000000083200000, 0x0000000083300000|  0%| F|  |TAMS 0x0000000083200000, 0x0000000083200000| Untracked 
|  27|0x0000000083300000, 0x0000000083300000, 0x0000000083400000|  0%| F|  |TAMS 0x0000000083300000, 0x0000000083300000| Untracked 
|  28|0x0000000083400000, 0x0000000083400000, 0x0000000083500000|  0%| F|  |TAMS 0x0000000083400000, 0x0000000083400000| Untracked 
|  29|0x0000000083500000, 0x0000000083500000, 0x0000000083600000|  0%| F|  |TAMS 0x0000000083500000, 0x0000000083500000| Untracked 
|  30|0x0000000083600000, 0x0000000083600000, 0x0000000083700000|  0%| F|  |TAMS 0x0000000083600000, 0x0000000083600000| Untracked 
|  31|0x0000000083700000, 0x0000000083700000, 0x0000000083800000|  0%| F|  |TAMS 0x0000000083700000, 0x0000000083700000| Untracked 
|  32|0x0000000083800000, 0x0000000083800000, 0x0000000083900000|  0%| F|  |TAMS 0x0000000083800000, 0x0000000083800000| Untracked 
|  33|0x0000000083900000, 0x0000000083900000, 0x0000000083a00000|  0%| F|  |TAMS 0x0000000083900000, 0x0000000083900000| Untracked 
|  34|0x0000000083a00000, 0x0000000083a00000, 0x0000000083b00000|  0%| F|  |TAMS 0x0000000083a00000, 0x0000000083a00000| Untracked 
|  35|0x0000000083b00000, 0x0000000083b00000, 0x0000000083c00000|  0%| F|  |TAMS 0x0000000083b00000, 0x0000000083b00000| Untracked 
|  36|0x0000000083c00000, 0x0000000083c00000, 0x0000000083d00000|  0%| F|  |TAMS 0x0000000083c00000, 0x0000000083c00000| Untracked 
|  37|0x0000000083d00000, 0x0000000083d00000, 0x0000000083e00000|  0%| F|  |TAMS 0x0000000083d00000, 0x0000000083d00000| Untracked 
|  38|0x0000000083e00000, 0x0000000083e00000, 0x0000000083f00000|  0%| F|  |TAMS 0x0000000083e00000, 0x0000000083e00000| Untracked 
|  39|0x0000000083f00000, 0x0000000083f00000, 0x0000000084000000|  0%| F|  |TAMS 0x0000000083f00000, 0x0000000083f00000| Untracked 
|  40|0x0000000084000000, 0x0000000084000000, 0x0000000084100000|  0%| F|  |TAMS 0x0000000084000000, 0x0000000084000000| Untracked 
|  41|0x0000000084100000, 0x0000000084100000, 0x0000000084200000|  0%| F|  |TAMS 0x0000000084100000, 0x0000000084100000| Untracked 
|  42|0x0000000084200000, 0x0000000084200000, 0x0000000084300000|  0%| F|  |TAMS 0x0000000084200000, 0x0000000084200000| Untracked 
|  43|0x0000000084300000, 0x0000000084300000, 0x0000000084400000|  0%| F|  |TAMS 0x0000000084300000, 0x0000000084300000| Untracked 
|  44|0x0000000084400000, 0x0000000084400000, 0x0000000084500000|  0%| F|  |TAMS 0x0000000084400000, 0x0000000084400000| Untracked 
|  45|0x0000000084500000, 0x0000000084500000, 0x0000000084600000|  0%| F|  |TAMS 0x0000000084500000, 0x0000000084500000| Untracked 
|  46|0x0000000084600000, 0x0000000084600000, 0x0000000084700000|  0%| F|  |TAMS 0x0000000084600000, 0x0000000084600000| Untracked 
|  47|0x0000000084700000, 0x0000000084700000, 0x0000000084800000|  0%| F|  |TAMS 0x0000000084700000, 0x0000000084700000| Untracked 
|  48|0x0000000084800000, 0x0000000084800000, 0x0000000084900000|  0%| F|  |TAMS 0x0000000084800000, 0x0000000084800000| Untracked 
|  49|0x0000000084900000, 0x0000000084900000, 0x0000000084a00000|  0%| F|  |TAMS 0x0000000084900000, 0x0000000084900000| Untracked 
|  50|0x0000000084a00000, 0x0000000084a00000, 0x0000000084b00000|  0%| F|  |TAMS 0x0000000084a00000, 0x0000000084a00000| Untracked 
|  51|0x0000000084b00000, 0x0000000084b00000, 0x0000000084c00000|  0%| F|  |TAMS 0x0000000084b00000, 0x0000000084b00000| Untracked 
|  52|0x0000000084c00000, 0x0000000084c00000, 0x0000000084d00000|  0%| F|  |TAMS 0x0000000084c00000, 0x0000000084c00000| Untracked 
|  53|0x0000000084d00000, 0x0000000084d00000, 0x0000000084e00000|  0%| F|  |TAMS 0x0000000084d00000, 0x0000000084d00000| Untracked 
|  54|0x0000000084e00000, 0x0000000084e00000, 0x0000000084f00000|  0%| F|  |TAMS 0x0000000084e00000, 0x0000000084e00000| Untracked 
|  55|0x0000000084f00000, 0x0000000084f00000, 0x0000000085000000|  0%| F|  |TAMS 0x0000000084f00000, 0x0000000084f00000| Untracked 
|  56|0x0000000085000000, 0x0000000085000000, 0x0000000085100000|  0%| F|  |TAMS 0x0000000085000000, 0x0000000085000000| Untracked 
|  57|0x0000000085100000, 0x0000000085100000, 0x0000000085200000|  0%| F|  |TAMS 0x0000000085100000, 0x0000000085100000| Untracked 
|  58|0x0000000085200000, 0x0000000085200000, 0x0000000085300000|  0%| F|  |TAMS 0x0000000085200000, 0x0000000085200000| Untracked 
|  59|0x0000000085300000, 0x0000000085300000, 0x0000000085400000|  0%| F|  |TAMS 0x0000000085300000, 0x0000000085300000| Untracked 
|  60|0x0000000085400000, 0x0000000085400000, 0x0000000085500000|  0%| F|  |TAMS 0x0000000085400000, 0x0000000085400000| Untracked 
|  61|0x0000000085500000, 0x0000000085500000, 0x0000000085600000|  0%| F|  |TAMS 0x0000000085500000, 0x0000000085500000| Untracked 
|  62|0x0000000085600000, 0x0000000085600000, 0x0000000085700000|  0%| F|  |TAMS 0x0000000085600000, 0x0000000085600000| Untracked 
|  63|0x0000000085700000, 0x0000000085700000, 0x0000000085800000|  0%| F|  |TAMS 0x0000000085700000, 0x0000000085700000| Untracked 
|  64|0x0000000085800000, 0x0000000085800000, 0x0000000085900000|  0%| F|  |TAMS 0x0000000085800000, 0x0000000085800000| Untracked 
|  65|0x0000000085900000, 0x0000000085900000, 0x0000000085a00000|  0%| F|  |TAMS 0x0000000085900000, 0x0000000085900000| Untracked 
|  66|0x0000000085a00000, 0x0000000085a00000, 0x0000000085b00000|  0%| F|  |TAMS 0x0000000085a00000, 0x0000000085a00000| Untracked 
|  67|0x0000000085b00000, 0x0000000085b00000, 0x0000000085c00000|  0%| F|  |TAMS 0x0000000085b00000, 0x0000000085b00000| Untracked 
|  68|0x0000000085c00000, 0x0000000085c00000, 0x0000000085d00000|  0%| F|  |TAMS 0x0000000085c00000, 0x0000000085c00000| Untracked 
|  69|0x0000000085d00000, 0x0000000085d00000, 0x0000000085e00000|  0%| F|  |TAMS 0x0000000085d00000, 0x0000000085d00000| Untracked 
|  70|0x0000000085e00000, 0x0000000085e00000, 0x0000000085f00000|  0%| F|  |TAMS 0x0000000085e00000, 0x0000000085e00000| Untracked 
|  71|0x0000000085f00000, 0x0000000085f00000, 0x0000000086000000|  0%| F|  |TAMS 0x0000000085f00000, 0x0000000085f00000| Untracked 
|  72|0x0000000086000000, 0x0000000086000000, 0x0000000086100000|  0%| F|  |TAMS 0x0000000086000000, 0x0000000086000000| Untracked 
|  73|0x0000000086100000, 0x0000000086100000, 0x0000000086200000|  0%| F|  |TAMS 0x0000000086100000, 0x0000000086100000| Untracked 
|  74|0x0000000086200000, 0x0000000086200000, 0x0000000086300000|  0%| F|  |TAMS 0x0000000086200000, 0x0000000086200000| Untracked 
|  75|0x0000000086300000, 0x0000000086300000, 0x0000000086400000|  0%| F|  |TAMS 0x0000000086300000, 0x0000000086300000| Untracked 
|  76|0x0000000086400000, 0x0000000086400000, 0x0000000086500000|  0%| F|  |TAMS 0x0000000086400000, 0x0000000086400000| Untracked 
|  77|0x0000000086500000, 0x0000000086500000, 0x0000000086600000|  0%| F|  |TAMS 0x0000000086500000, 0x0000000086500000| Untracked 
|  78|0x0000000086600000, 0x0000000086600000, 0x0000000086700000|  0%| F|  |TAMS 0x0000000086600000, 0x0000000086600000| Untracked 
|  79|0x0000000086700000, 0x0000000086700000, 0x0000000086800000|  0%| F|  |TAMS 0x0000000086700000, 0x0000000086700000| Untracked 
|  80|0x0000000086800000, 0x0000000086800000, 0x0000000086900000|  0%| F|  |TAMS 0x0000000086800000, 0x0000000086800000| Untracked 
|  81|0x0000000086900000, 0x0000000086900000, 0x0000000086a00000|  0%| F|  |TAMS 0x0000000086900000, 0x0000000086900000| Untracked 
|  82|0x0000000086a00000, 0x0000000086a00000, 0x0000000086b00000|  0%| F|  |TAMS 0x0000000086a00000, 0x0000000086a00000| Untracked 
|  83|0x0000000086b00000, 0x0000000086b00000, 0x0000000086c00000|  0%| F|  |TAMS 0x0000000086b00000, 0x0000000086b00000| Untracked 
|  84|0x0000000086c00000, 0x0000000086c00000, 0x0000000086d00000|  0%| F|  |TAMS 0x0000000086c00000, 0x0000000086c00000| Untracked 
|  85|0x0000000086d00000, 0x0000000086d00000, 0x0000000086e00000|  0%| F|  |TAMS 0x0000000086d00000, 0x0000000086d00000| Untracked 
|  86|0x0000000086e00000, 0x0000000086e00000, 0x0000000086f00000|  0%| F|  |TAMS 0x0000000086e00000, 0x0000000086e00000| Untracked 
|  87|0x0000000086f00000, 0x0000000086f00000, 0x0000000087000000|  0%| F|  |TAMS 0x0000000086f00000, 0x0000000086f00000| Untracked 
|  88|0x0000000087000000, 0x0000000087000000, 0x0000000087100000|  0%| F|  |TAMS 0x0000000087000000, 0x0000000087000000| Untracked 
|  89|0x0000000087100000, 0x0000000087100000, 0x0000000087200000|  0%| F|  |TAMS 0x0000000087100000, 0x0000000087100000| Untracked 
|  90|0x0000000087200000, 0x0000000087200000, 0x0000000087300000|  0%| F|  |TAMS 0x0000000087200000, 0x0000000087200000| Untracked 
|  91|0x0000000087300000, 0x0000000087300000, 0x0000000087400000|  0%| F|  |TAMS 0x0000000087300000, 0x0000000087300000| Untracked 
|  92|0x0000000087400000, 0x0000000087400000, 0x0000000087500000|  0%| F|  |TAMS 0x0000000087400000, 0x0000000087400000| Untracked 
|  93|0x0000000087500000, 0x0000000087500000, 0x0000000087600000|  0%| F|  |TAMS 0x0000000087500000, 0x0000000087500000| Untracked 
|  94|0x0000000087600000, 0x0000000087600000, 0x0000000087700000|  0%| F|  |TAMS 0x0000000087600000, 0x0000000087600000| Untracked 
|  95|0x0000000087700000, 0x0000000087700000, 0x0000000087800000|  0%| F|  |TAMS 0x0000000087700000, 0x0000000087700000| Untracked 
|  96|0x0000000087800000, 0x0000000087800000, 0x0000000087900000|  0%| F|  |TAMS 0x0000000087800000, 0x0000000087800000| Untracked 
|  97|0x0000000087900000, 0x0000000087900000, 0x0000000087a00000|  0%| F|  |TAMS 0x0000000087900000, 0x0000000087900000| Untracked 
|  98|0x0000000087a00000, 0x0000000087a00000, 0x0000000087b00000|  0%| F|  |TAMS 0x0000000087a00000, 0x0000000087a00000| Untracked 
|  99|0x0000000087b00000, 0x0000000087b00000, 0x0000000087c00000|  0%| F|  |TAMS 0x0000000087b00000, 0x0000000087b00000| Untracked 
| 100|0x0000000087c00000, 0x0000000087c00000, 0x0000000087d00000|  0%| F|  |TAMS 0x0000000087c00000, 0x0000000087c00000| Untracked 
| 101|0x0000000087d00000, 0x0000000087d00000, 0x0000000087e00000|  0%| F|  |TAMS 0x0000000087d00000, 0x0000000087d00000| Untracked 
| 102|0x0000000087e00000, 0x0000000087e00000, 0x0000000087f00000|  0%| F|  |TAMS 0x0000000087e00000, 0x0000000087e00000| Untracked 
| 103|0x0000000087f00000, 0x0000000087f00000, 0x0000000088000000|  0%| F|  |TAMS 0x0000000087f00000, 0x0000000087f00000| Untracked 
| 104|0x0000000088000000, 0x0000000088000000, 0x0000000088100000|  0%| F|  |TAMS 0x0000000088000000, 0x0000000088000000| Untracked 
| 105|0x0000000088100000, 0x0000000088100000, 0x0000000088200000|  0%| F|  |TAMS 0x0000000088100000, 0x0000000088100000| Untracked 
| 106|0x0000000088200000, 0x0000000088200000, 0x0000000088300000|  0%| F|  |TAMS 0x0000000088200000, 0x0000000088200000| Untracked 
| 107|0x0000000088300000, 0x0000000088300000, 0x0000000088400000|  0%| F|  |TAMS 0x0000000088300000, 0x0000000088300000| Untracked 
| 108|0x0000000088400000, 0x0000000088400000, 0x0000000088500000|  0%| F|  |TAMS 0x0000000088400000, 0x0000000088400000| Untracked 
| 109|0x0000000088500000, 0x0000000088500000, 0x0000000088600000|  0%| F|  |TAMS 0x0000000088500000, 0x0000000088500000| Untracked 
| 110|0x0000000088600000, 0x000000008867af18, 0x0000000088700000| 48%| E|  |TAMS 0x0000000088600000, 0x0000000088600000| Complete 
| 111|0x0000000088700000, 0x0000000088800000, 0x0000000088800000|100%| E|CS|TAMS 0x0000000088700000, 0x0000000088700000| Complete 
| 112|0x0000000088800000, 0x0000000088900000, 0x0000000088900000|100%| E|CS|TAMS 0x0000000088800000, 0x0000000088800000| Complete 
| 113|0x0000000088900000, 0x0000000088a00000, 0x0000000088a00000|100%| E|CS|TAMS 0x0000000088900000, 0x0000000088900000| Complete 
| 114|0x0000000088a00000, 0x0000000088b00000, 0x0000000088b00000|100%| E|CS|TAMS 0x0000000088a00000, 0x0000000088a00000| Complete 
| 115|0x0000000088b00000, 0x0000000088c00000, 0x0000000088c00000|100%| E|CS|TAMS 0x0000000088b00000, 0x0000000088b00000| Complete 
| 116|0x0000000088c00000, 0x0000000088d00000, 0x0000000088d00000|100%| E|CS|TAMS 0x0000000088c00000, 0x0000000088c00000| Complete 
| 117|0x0000000088d00000, 0x0000000088e00000, 0x0000000088e00000|100%| E|CS|TAMS 0x0000000088d00000, 0x0000000088d00000| Complete 
| 118|0x0000000088e00000, 0x0000000088f00000, 0x0000000088f00000|100%| E|CS|TAMS 0x0000000088e00000, 0x0000000088e00000| Complete 
| 119|0x0000000088f00000, 0x0000000089000000, 0x0000000089000000|100%| E|CS|TAMS 0x0000000088f00000, 0x0000000088f00000| Complete 
| 120|0x0000000089000000, 0x0000000089100000, 0x0000000089100000|100%| E|CS|TAMS 0x0000000089000000, 0x0000000089000000| Complete 
| 121|0x0000000089100000, 0x0000000089200000, 0x0000000089200000|100%| E|  |TAMS 0x0000000089100000, 0x0000000089100000| Complete 
| 122|0x0000000089200000, 0x0000000089300000, 0x0000000089300000|100%| E|CS|TAMS 0x0000000089200000, 0x0000000089200000| Complete 
| 123|0x0000000089300000, 0x0000000089400000, 0x0000000089400000|100%| E|CS|TAMS 0x0000000089300000, 0x0000000089300000| Complete 
| 124|0x0000000089400000, 0x0000000089500000, 0x0000000089500000|100%| E|CS|TAMS 0x0000000089400000, 0x0000000089400000| Complete 
| 125|0x0000000089500000, 0x0000000089600000, 0x0000000089600000|100%| E|CS|TAMS 0x0000000089500000, 0x0000000089500000| Complete 
| 126|0x0000000089600000, 0x0000000089700000, 0x0000000089700000|100%| E|CS|TAMS 0x0000000089600000, 0x0000000089600000| Complete 
| 127|0x0000000089700000, 0x0000000089800000, 0x0000000089800000|100%| E|CS|TAMS 0x0000000089700000, 0x0000000089700000| Complete 

Card table byte_map: [0x00000299d3310000,0x00000299d3710000] _byte_map_base: 0x00000299d2f04000

Marking Bits (Prev, Next): (CMBitMap*) 0x00000299bb9f7850, (CMBitMap*) 0x00000299bb9f7890
 Prev Bits: [0x00000299d3b10000, 0x00000299d5ab0000)
 Next Bits: [0x00000299d5ab0000, 0x00000299d7a50000)

Polling page: 0x00000299bb180000

Metaspace:

Usage:
  Non-class:      5.03 MB capacity,     2.60 MB ( 52%) used,     2.42 MB ( 48%) free+waste,     2.19 KB ( <1%) overhead. 
      Class:    531.00 KB capacity,   275.31 KB ( 52%) used,   254.56 KB ( 48%) free+waste,     1.12 KB ( <1%) overhead. 
       Both:      5.55 MB capacity,     2.87 MB ( 52%) used,     2.67 MB ( 48%) free+waste,     3.31 KB ( <1%) overhead. 

Virtual space:
  Non-class space:       12.00 MB reserved,       5.25 MB ( 44%) committed 
      Class space:        1.00 GB reserved,     640.00 KB ( <1%) committed 
             Both:        1.01 GB reserved,       5.88 MB ( <1%) committed 

Chunk freelists:
   Non-Class:  34.00 KB
       Class:  13.00 KB
        Both:  47.00 KB

MaxMetaspaceSize: 17179869184.00 GB
CompressedClassSpaceSize: 1.00 GB

CodeHeap 'non-profiled nmethods': size=120000Kb used=251Kb max_used=251Kb free=119748Kb
 bounds [0x00000299cb6b0000, 0x00000299cb920000, 0x00000299d2be0000]
CodeHeap 'profiled nmethods': size=120000Kb used=1452Kb max_used=1452Kb free=118548Kb
 bounds [0x00000299c4180000, 0x00000299c43f0000, 0x00000299cb6b0000]
CodeHeap 'non-nmethods': size=5760Kb used=1235Kb max_used=1262Kb free=4524Kb
 bounds [0x00000299c3be0000, 0x00000299c3e50000, 0x00000299c4180000]
 total_blobs=1159 nmethods=759 adapters=313
 compilation: enabled
              stopped_count=0, restarted_count=0
 full_count=0

Compilation events (20 events):
Event: 0.989 Thread 0x00000299da49b9e0 nmethod 712 0x00000299c42c8d10 code [0x00000299c42c8ec0, 0x00000299c42c9008]
Event: 0.989 Thread 0x00000299da49b9e0  710       3       jdk.internal.loader.ClassLoaders$BootClassLoader::loadClassOrNull (11 bytes)
Event: 0.990 Thread 0x00000299da49b9e0 nmethod 710 0x00000299c42c9090 code [0x00000299c42c9260, 0x00000299c42c9598]
Event: 0.990 Thread 0x00000299da49b9e0  711       3       java.lang.System$2::findBootstrapClassOrNull (6 bytes)
Event: 0.990 Thread 0x00000299da49b9e0 nmethod 711 0x00000299c42c9710 code [0x00000299c42c98c0, 0x00000299c42c9b78]
Event: 0.991 Thread 0x00000299da49b9e0  714       3       jdk.internal.loader.ClassLoaders$AppClassLoader::loadClass (40 bytes)
Event: 0.992 Thread 0x00000299da49b9e0 nmethod 714 0x00000299c42c9c90 code [0x00000299c42c9ee0, 0x00000299c42ca818]
Event: 0.993 Thread 0x00000299da49b9e0  715       3       java.lang.StringCoding::decodeUTF8 (45 bytes)
Event: 0.993 Thread 0x00000299da49b9e0 nmethod 715 0x00000299c42cac10 code [0x00000299c42cae00, 0x00000299c42cb2b8]
Event: 0.995 Thread 0x00000299da49b9e0  717       3       java.lang.StringConcatHelper::newString (67 bytes)
Event: 0.995 Thread 0x00000299da49b9e0 nmethod 717 0x00000299c42cb410 code [0x00000299c42cb680, 0x00000299c42cc108]
Event: 0.996 Thread 0x00000299da49b9e0  718       3       java.util.jar.Attributes::getValue (9 bytes)
Event: 0.996 Thread 0x00000299da49b9e0 nmethod 718 0x00000299c42cc510 code [0x00000299c42cc6c0, 0x00000299c42cca08]
Event: 0.996 Thread 0x00000299da49b9e0  719       3       java.util.jar.Attributes::get (11 bytes)
Event: 0.996 Thread 0x00000299da49b9e0 nmethod 719 0x00000299c42ccb10 code [0x00000299c42cccc0, 0x00000299c42ccea8]
Event: 1.000 Thread 0x00000299da49b9e0  720       3       java.util.concurrent.ConcurrentHashMap$BaseIterator::hasNext (13 bytes)
Event: 1.000 Thread 0x00000299da49b9e0 nmethod 720 0x00000299c42ccf90 code [0x00000299c42cd120, 0x00000299c42cd278]
Event: 1.000 Thread 0x00000299da49b9e0  721       3       java.util.concurrent.ConcurrentHashMap$Traverser::advance (188 bytes)
Event: 1.001 Thread 0x00000299da49b9e0 nmethod 721 0x00000299c42cd310 code [0x00000299c42cd540, 0x00000299c42ce128]
Event: 1.001 Thread 0x00000299da49b9e0  722       3       jdk.internal.jimage.ImageStringsReader::charsFromByteBufferLength (47 bytes)

GC Heap History (0 events):
No events

Deoptimization events (20 events):
Event: 0.630 Thread 0x00000299bb9b8050 Uncommon trap: trap_request=0xffffff45 fr.pc=0x00000299cb6b1478 relative=0x00000000000000d8
Event: 0.630 Thread 0x00000299bb9b8050 Uncommon trap: reason=unstable_if action=reinterpret pc=0x00000299cb6b1478 method=java.lang.String.isLatin1()Z @ 10 c2
Event: 0.630 Thread 0x00000299bb9b8050 DEOPT PACKING pc=0x00000299cb6b1478 sp=0x000000d9984ff010
Event: 0.630 Thread 0x00000299bb9b8050 DEOPT UNPACKING pc=0x00000299c3c2e42f sp=0x000000d9984fef60 mode 2
Event: 0.766 Thread 0x00000299bb9b8050 Uncommon trap: trap_request=0xffffff45 fr.pc=0x00000299cb6d60d0 relative=0x00000000000002b0
Event: 0.766 Thread 0x00000299bb9b8050 Uncommon trap: reason=unstable_if action=reinterpret pc=0x00000299cb6d60d0 method=java.io.BufferedReader.read()I @ 19 c2
Event: 0.766 Thread 0x00000299bb9b8050 DEOPT PACKING pc=0x00000299cb6d60d0 sp=0x000000d9984fc550
Event: 0.767 Thread 0x00000299bb9b8050 DEOPT UNPACKING pc=0x00000299c3c2e42f sp=0x000000d9984fc490 mode 2
Event: 0.841 Thread 0x00000299bb9b8050 DEOPT PACKING pc=0x00000299c418e573 sp=0x000000d9984fc890
Event: 0.841 Thread 0x00000299bb9b8050 DEOPT UNPACKING pc=0x00000299c3c2e23f sp=0x000000d9984fbcf0 mode 0
Event: 0.921 Thread 0x00000299bb9b8050 Uncommon trap: trap_request=0xffffff45 fr.pc=0x00000299cb6c9548 relative=0x0000000000000488
Event: 0.921 Thread 0x00000299bb9b8050 Uncommon trap: reason=unstable_if action=reinterpret pc=0x00000299cb6c9548 method=java.lang.StringLatin1.canEncode(I)Z @ 4 c2
Event: 0.921 Thread 0x00000299bb9b8050 DEOPT PACKING pc=0x00000299cb6c9548 sp=0x000000d9984fd710
Event: 0.922 Thread 0x00000299bb9b8050 DEOPT UNPACKING pc=0x00000299c3c2e42f sp=0x000000d9984fd658 mode 2
Event: 0.922 Thread 0x00000299bb9b8050 Uncommon trap: trap_request=0xffffff45 fr.pc=0x00000299cb6c80f4 relative=0x0000000000000434
Event: 0.922 Thread 0x00000299bb9b8050 Uncommon trap: reason=unstable_if action=reinterpret pc=0x00000299cb6c80f4 method=java.lang.AbstractStringBuilder.isLatin1()Z @ 10 c2
Event: 0.922 Thread 0x00000299bb9b8050 DEOPT PACKING pc=0x00000299cb6c80f4 sp=0x000000d9984fd720
Event: 0.922 Thread 0x00000299bb9b8050 DEOPT UNPACKING pc=0x00000299c3c2e42f sp=0x000000d9984fd6c0 mode 2
Event: 0.993 Thread 0x00000299bb9b8050 DEOPT PACKING pc=0x00000299c41fa2dd sp=0x000000d9984fde80
Event: 0.993 Thread 0x00000299bb9b8050 DEOPT UNPACKING pc=0x00000299c3c2e23f sp=0x000000d9984fd2e0 mode 0

Classes unloaded (0 events):
No events

Classes redefined (0 events):
No events

Internal exceptions (3 events):
Event: 0.779 Thread 0x00000299bb9b8050 Exception <a 'java/lang/ClassNotFoundException'{0x0000000088c21160}: javax/smartcardio/CardPermission> (0x0000000088c21160) 
thrown [./open/src/hotspot/share/classfile/systemDictionary.cpp, line 295]
Event: 0.787 Thread 0x00000299bb9b8050 Exception <a 'java/io/FileNotFoundException'{0x0000000088c31950}> (0x0000000088c31950) 
thrown [./open/src/hotspot/share/prims/jni.cpp, line 578]
Event: 0.808 Thread 0x00000299bb9b8050 Exception <a 'java/lang/NoSuchMethodError'{0x0000000088c6c668}: 'void java.lang.invoke.DirectMethodHandle$Holder.invokeSpecial(java.lang.Object, java.lang.Object, java.lang.Object)'> (0x0000000088c6c668) 
thrown [./open/src/hotspot/share/interpreter/linkResolver.cpp, line 782]

Events (20 events):
Event: 0.991 loading class org/springframework/web/reactive$DispatcherHandler
Event: 0.991 loading class org/springframework/web/reactive$DispatcherHandler done
Event: 0.991 loading class javax/servlet/Servlet
Event: 0.991 loading class javax/servlet/Servlet done
Event: 0.994 loading class org/springframework/web/context/ConfigurableWebApplicationContext
Event: 0.994 loading class org/springframework/web/context/ConfigurableWebApplicationContext done
Event: 0.995 loading class org/springframework/web/context/WebApplicationContext
Event: 0.995 loading class org/springframework/web/context/WebApplicationContext done
Event: 0.996 loading class org/springframework/boot/Bootstrapper
Event: 0.996 loading class org/springframework/boot/Bootstrapper done
Event: 0.997 loading class org/springframework/core/io/support/SpringFactoriesLoader
Event: 0.997 loading class org/springframework/core/io/support/SpringFactoriesLoader done
Event: 0.998 loading class org/springframework/core/io/Resource
Event: 0.998 loading class org/springframework/core/io/Resource done
Event: 0.998 loading class org/springframework/core/io/InputStreamSource
Event: 0.998 loading class org/springframework/core/io/InputStreamSource done
Event: 0.999 loading class org/springframework/util/ConcurrentReferenceHashMap$Restructure
Event: 0.999 loading class org/springframework/util/ConcurrentReferenceHashMap$Restructure done
Event: 1.001 loading class java/util/zip/ZipFile$ZipEntryIterator
Event: 1.001 loading class java/util/zip/ZipFile$ZipEntryIterator done


Dynamic libraries:
0x00007ff6fed80000 - 0x00007ff6fed8f000 	C:\Program Files\Java\jdk-15.0.1\bin\java.exe
0x00007ffa01050000 - 0x00007ffa01246000 	C:\WINDOWS\SYSTEM32\ntdll.dll
0x00007ffa00470000 - 0x00007ffa0052d000 	C:\WINDOWS\System32\KERNEL32.DLL
0x00007ff9fec20000 - 0x00007ff9feee9000 	C:\WINDOWS\System32\KERNELBASE.dll
0x00007ff9fe9e0000 - 0x00007ff9feae0000 	C:\WINDOWS\System32\ucrtbase.dll
0x00007ff9ee820000 - 0x00007ff9ee839000 	C:\Program Files\Java\jdk-15.0.1\bin\VCRUNTIME140.dll
0x00007ff9f9b20000 - 0x00007ff9f9b38000 	C:\Program Files\Java\jdk-15.0.1\bin\jli.dll
0x00007ffa005d0000 - 0x00007ffa0067c000 	C:\WINDOWS\System32\ADVAPI32.dll
0x00007ffa00530000 - 0x00007ffa005ce000 	C:\WINDOWS\System32\msvcrt.dll
0x00007ff9ff800000 - 0x00007ff9ff89c000 	C:\WINDOWS\System32\sechost.dll
0x00007ff9ffe70000 - 0x00007ff9fff9b000 	C:\WINDOWS\System32\RPCRT4.dll
0x00007ffa002d0000 - 0x00007ffa00470000 	C:\WINDOWS\System32\USER32.dll
0x00007ff9ff000000 - 0x00007ff9ff022000 	C:\WINDOWS\System32\win32u.dll
0x00007ff9ec6e0000 - 0x00007ff9ec97b000 	C:\WINDOWS\WinSxS\amd64_microsoft.windows.common-controls_6595b64144ccf1df_6.0.19041.488_none_ca04af081b815d21\COMCTL32.dll
0x00007ffa00ea0000 - 0x00007ffa00eca000 	C:\WINDOWS\System32\GDI32.dll
0x00007ff9feef0000 - 0x00007ff9feff9000 	C:\WINDOWS\System32\gdi32full.dll
0x00007ff9fe7e0000 - 0x00007ff9fe87d000 	C:\WINDOWS\System32\msvcp_win.dll
0x00007ff9f4160000 - 0x00007ff9f416a000 	C:\WINDOWS\SYSTEM32\VERSION.dll
0x00007ffa00fe0000 - 0x00007ffa01010000 	C:\WINDOWS\System32\IMM32.DLL
0x00007ff9f8650000 - 0x00007ff9f865c000 	C:\Program Files\Java\jdk-15.0.1\bin\vcruntime140_1.dll
0x00007ff9ed280000 - 0x00007ff9ed311000 	C:\Program Files\Java\jdk-15.0.1\bin\msvcp140.dll
0x00007ff9c5b50000 - 0x00007ff9c66ae000 	C:\Program Files\Java\jdk-15.0.1\bin\server\jvm.dll
0x00007ffa00da0000 - 0x00007ffa00da8000 	C:\WINDOWS\System32\PSAPI.DLL
0x00007ff9eef50000 - 0x00007ff9eef77000 	C:\WINDOWS\SYSTEM32\WINMM.dll
0x00007ff9eade0000 - 0x00007ff9eade9000 	C:\WINDOWS\SYSTEM32\WSOCK32.dll
0x00007ffa00ca0000 - 0x00007ffa00d0b000 	C:\WINDOWS\System32\WS2_32.dll
0x00007ff9fd0a0000 - 0x00007ff9fd0b2000 	C:\WINDOWS\SYSTEM32\kernel.appcore.dll
0x00007ff9f6990000 - 0x00007ff9f699a000 	C:\Program Files\Java\jdk-15.0.1\bin\jimage.dll
0x00007ff9fcd80000 - 0x00007ff9fcf64000 	C:\WINDOWS\SYSTEM32\DBGHELP.DLL
0x00007ff9ecc30000 - 0x00007ff9ecc5c000 	C:\WINDOWS\SYSTEM32\dbgcore.DLL
0x00007ff9ff030000 - 0x00007ff9ff0b0000 	C:\WINDOWS\System32\bcryptPrimitives.dll
0x00007ff9daed0000 - 0x00007ff9daf09000 	C:\Program Files\Java\jdk-15.0.1\bin\jdwp.dll
0x00007ff9f69a0000 - 0x00007ff9f69ae000 	C:\Program Files\Java\jdk-15.0.1\bin\instrument.dll
0x00007ff9ee7f0000 - 0x00007ff9ee815000 	C:\Program Files\Java\jdk-15.0.1\bin\java.dll
0x00007ff9ff0b0000 - 0x00007ff9ff7f2000 	C:\WINDOWS\System32\SHELL32.dll
0x00007ff9fc510000 - 0x00007ff9fcca5000 	C:\WINDOWS\SYSTEM32\windows.storage.dll
0x00007ff9ff8b0000 - 0x00007ff9ffc06000 	C:\WINDOWS\System32\combase.dll
0x00007ff9fe200000 - 0x00007ff9fe22c000 	C:\WINDOWS\SYSTEM32\Wldp.dll
0x00007ffa00f30000 - 0x00007ffa00fde000 	C:\WINDOWS\System32\SHCORE.dll
0x00007ffa00e40000 - 0x00007ffa00e95000 	C:\WINDOWS\System32\shlwapi.dll
0x00007ff9fe6c0000 - 0x00007ff9fe6e6000 	C:\WINDOWS\SYSTEM32\profapi.dll
0x00007ff9ee4c0000 - 0x00007ff9ee4cb000 	C:\Program Files\Java\jdk-15.0.1\bin\dt_socket.dll
0x00007ff9fdc20000 - 0x00007ff9fdc5b000 	C:\WINDOWS\SYSTEM32\IPHLPAPI.DLL
0x00007ff9fdf80000 - 0x00007ff9fdfea000 	C:\WINDOWS\system32\mswsock.dll
0x00007ff9ede00000 - 0x00007ff9ede18000 	C:\Program Files\Java\jdk-15.0.1\bin\zip.dll
0x00007ff9ee7d0000 - 0x00007ff9ee7e9000 	C:\Program Files\Java\jdk-15.0.1\bin\net.dll
0x00007ff9f7670000 - 0x00007ff9f7770000 	C:\WINDOWS\SYSTEM32\WINHTTP.dll
0x00007ff9ee150000 - 0x00007ff9ee162000 	C:\Program Files\Java\jdk-15.0.1\bin\nio.dll
0x00007ff9eeb60000 - 0x00007ff9eeb70000 	C:\Program Files\Java\jdk-15.0.1\bin\verify.dll

dbghelp: loaded successfully - version: 4.0.5 - missing functions: none
symbol engine: initialized successfully - sym options: 0x614 - pdb path: .;C:\Program Files\Java\jdk-15.0.1\bin;C:\WINDOWS\SYSTEM32;C:\WINDOWS\WinSxS\amd64_microsoft.windows.common-controls_6595b64144ccf1df_6.0.19041.488_none_ca04af081b815d21;C:\Program Files\Java\jdk-15.0.1\bin\server

VM Arguments:
jvm_args: -agentlib:jdwp=transport=dt_socket,address=127.0.0.1:52157,suspend=y,server=n -javaagent:C:\Users\Dell\AppData\Local\JetBrains\IdeaIC2020.3\captureAgent\debugger-agent.jar -Dfile.encoding=UTF-8 
java_command: com.paytm.inpg.Application
java_class_path (initial): D:\springboot-usermanagement\target\classes;C:\Users\Dell\.m2\repository\org\springframework\boot\spring-boot-starter-data-jpa\2.4.2\spring-boot-starter-data-jpa-2.4.2.jar;C:\Users\Dell\.m2\repository\org\springframework\boot\spring-boot-starter-aop\2.4.2\spring-boot-starter-aop-2.4.2.jar;C:\Users\Dell\.m2\repository\org\aspectj\aspectjweaver\1.9.6\aspectjweaver-1.9.6.jar;C:\Users\Dell\.m2\repository\org\springframework\boot\spring-boot-starter-jdbc\2.4.2\spring-boot-starter-jdbc-2.4.2.jar;C:\Users\Dell\.m2\repository\com\zaxxer\HikariCP\3.4.5\HikariCP-3.4.5.jar;C:\Users\Dell\.m2\repository\org\springframework\spring-jdbc\5.3.3\spring-jdbc-5.3.3.jar;C:\Users\Dell\.m2\repository\jakarta\transaction\jakarta.transaction-api\1.3.3\jakarta.transaction-api-1.3.3.jar;C:\Users\Dell\.m2\repository\jakarta\persistence\jakarta.persistence-api\2.2.3\jakarta.persistence-api-2.2.3.jar;C:\Users\Dell\.m2\repository\org\hibernate\hibernate-core\5.4.27.Final\hibernate-core-5.4.27.Final.jar;C:\Users\Dell\.m2\repository\org\jboss\logging\jboss-logging\3.4.1.Final\jboss-logging-3.4.1.Final.jar;C:\Users\Dell\.m2\repository\org\javassist\javassist\3.27.0-GA\javassist-3.27.0-GA.jar;C:\Users\Dell\.m2\repository\net\bytebuddy\byte-buddy\1.10.19\byte-buddy-1.10.19.jar;C:\Users\Dell\.m2\repository\antlr\antlr\2.7.7\antlr-2.7.7.jar;C:\Users\Dell\.m2\repository\org\jboss\jandex\2.1.3.Final\jandex-2.1.3.Final.jar;C:\Users\Dell\.m2\repository\com\fasterxml\classmate\1.5.1\classmate-1.5.1.jar;C:\Users\Dell\.m2\repository\org\dom4j\dom4j\2.1.3\dom4j-2.1.3.jar;C:\Users\Dell\.m2\repository\org\hibernate\common\hibernate-commons-annotations\5.1.2.Final\hibernate-commons-annotations-5.1.2.Final.jar;C:\Users\Dell\.m2\repository\org\glassfish\jaxb\jaxb-runtime\2.3.3\jaxb-runtime-2.3.3.jar;C:\Users\Dell\.m2\repository\org\glassfish\jaxb\txw2\2.3.3\txw2-2.3.3.jar;C:\Users\Dell\.m2\repository\com\sun\istack\istack-commons-runtime\3.0.11\istack-commons-runtime-3.0.11.jar;C:\Users\
Launcher Type: SUN_STANDARD

[Global flags]
     intx CICompilerCount                          = 4                                         {product} {ergonomic}
     uint ConcGCThreads                            = 2                                         {product} {ergonomic}
     uint G1ConcRefinementThreads                  = 8                                         {product} {ergonomic}
   size_t G1HeapRegionSize                         = 1048576                                   {product} {ergonomic}
    uintx GCDrainStackTargetSize                   = 64                                        {product} {ergonomic}
   size_t InitialHeapSize                          = 134217728                                 {product} {ergonomic}
   size_t MarkStackSize                            = 4194304                                   {product} {ergonomic}
   size_t MaxHeapSize                              = 2122317824                                {product} {ergonomic}
   size_t MaxNewSize                               = 1272971264                                {product} {ergonomic}
   size_t MinHeapDeltaBytes                        = 1048576                                   {product} {ergonomic}
   size_t MinHeapSize                              = 8388608                                   {product} {ergonomic}
    uintx NonNMethodCodeHeapSize                   = 5839372                                {pd product} {ergonomic}
    uintx NonProfiledCodeHeapSize                  = 122909434                              {pd product} {ergonomic}
    uintx ProfiledCodeHeapSize                     = 122909434                              {pd product} {ergonomic}
    uintx ReservedCodeCacheSize                    = 251658240                              {pd product} {ergonomic}
     bool SegmentedCodeCache                       = true                                      {product} {ergonomic}
   size_t SoftMaxHeapSize                          = 2122317824                             {manageable} {ergonomic}
     bool UseCompressedClassPointers               = true                                 {lp64_product} {ergonomic}
     bool UseCompressedOops                        = true                                 {lp64_product} {ergonomic}
     bool UseG1GC                                  = true                                      {product} {ergonomic}
     bool UseLargePagesIndividualAllocation        = false                                  {pd product} {ergonomic}

Logging:
Log output configuration:
 #0: stdout all=warning uptime,level,tags
 #1: stderr all=off uptime,level,tags

Environment Variables:
JAVA_HOME=C:\Program Files\Java\jdk-15.0.1
PATH=C:\Program Files\Common Files\Oracle\Java\javapath;C:\Program Files (x86)\Common Files\Oracle\Java\javapath;C:\Program Files (x86)\Intel\Intel(R) Management Engine Components\iCLS\;C:\Program Files\Intel\Intel(R) Management Engine Components\iCLS\;C:\WINDOWS\system32;C:\WINDOWS;C:\WINDOWS\System32\Wbem;C:\WINDOWS\System32\WindowsPowerShell\v1.0\;C:\WINDOWS\System32\OpenSSH\;C:\Program Files (x86)\Intel\Intel(R) Management Engine Components\DAL;C:\Program Files\Intel\Intel(R) Management Engine Components\DAL;C:\Program Files (x86)\Intel\Intel(R) Management Engine Components\IPT;C:\Program Files\Intel\Intel(R) Management Engine Components\IPT;C:\Program Files (x86)\SMLNJ\bin\;C:\Program Files\Git\cmd;C:\Program Files\MongoDB\Server\4.2\bin;C:\MinGW\bin;D:\bin;D:\Matlab2016\runtime\win64;D:\Matlab2016\bin;D:\Matlab2016\polyspace\bin;C:\Program Files\Java\jdk-15.0.1\bin;C:\Users\Dell\AppData\Local\Programs\Python\Python38\Scripts\;C:\Users\Dell\AppData\Local\Programs\Python\Python38\;C:\Program Files\MySQL\MySQL Shell 8.0\bin\;C:\Users\Dell\AppData\Local\Microsoft\WindowsApps;;C:\Users\Dell\AppData\Local\Programs\Microsoft VS Code\bin;D:\IntelliJ IDEA Community Edition 2020.3.1\bin;
USERNAME=Dell
OS=Windows_NT
PROCESSOR_IDENTIFIER=Intel64 Family 6 Model 142 Stepping 10, GenuineIntel



---------------  S Y S T E M  ---------------

OS:
 Windows 10 , 64 bit Build 19041 (10.0.19041.662)
OS uptime: 13 days 6:17 hours

CPU: total 8 (initial active 8) (4 cores per cpu, 2 threads per core) family 6 model 142 stepping 10 microcode 0xb4, cmov, cx8, fxsr, mmx, sse, sse2, sse3, ssse3, sse4.1, sse4.2, popcnt, vzeroupper, avx, avx2, aes, clmul, erms, 3dnowpref, lzcnt, ht, tsc, tscinvbit, bmi1, bmi2, adx, fma, clflush, clflushopt

Memory: 4k page, system-wide physical 8089M (463M free)
TotalPageFile size 21462M (AvailPageFile size 2M)
current process WorkingSet (physical memory assigned to process): 68M, peak: 68M
current process commit charge ("private bytes"): 230M, peak: 230M

vm_info: Java HotSpot(TM) 64-Bit Server VM (15.0.1+9-18) for windows-amd64 JRE (15.0.1+9-18), built on Sep 15 2020 14:43:54 by "mach5one" with unknown MS VC++:1925

END.
