#
# There is insufficient memory for the Java Runtime Environment to continue.
# Native memory allocation (malloc) failed to allocate 287296 bytes for Chunk::new
# Possible reasons:
#   The system is out of physical RAM or swap space
#   The process is running with CompressedOops enabled, and the Java Heap may be blocking the growth of the native heap
# Possible solutions:
#   Reduce memory load on the system
#   Increase physical memory or swap space
#   Check if swap backing store is full
#   Decrease Java heap size (-Xmx/-Xms)
#   Decrease number of Java threads
#   Decrease Java thread stack sizes (-Xss)
#   Set larger code cache with -XX:ReservedCodeCacheSize=
#   JVM is running with Unscaled Compressed Oops mode in which the Java heap is
#     placed in the first 4GB address space. The Java Heap base address is the
#     maximum limit for the native heap growth. Please use -XX:HeapBaseMinAddress
#     to set the Java Heap base and to place the Java Heap above 4GB virtual address.
# This output file may be truncated or incomplete.
#
#  Out of Memory Error (./open/src/hotspot/share/memory/arena.cpp:195), pid=29632, tid=25128
#
# JRE version: Java(TM) SE Runtime Environment (15.0.1+9) (build 15.0.1+9-18)
# Java VM: Java HotSpot(TM) 64-Bit Server VM (15.0.1+9-18, mixed mode, sharing, tiered, compressed oops, g1 gc, windows-amd64)
# No core dump will be written. Minidumps are not enabled by default on client versions of Windows
#

---------------  S U M M A R Y ------------

Command Line: -javaagent:D:\IntelliJ IDEA Community Edition 2020.3.1\lib\idea_rt.jar=52167:D:\IntelliJ IDEA Community Edition 2020.3.1\bin -Dfile.encoding=UTF-8 com.paytm.inpg.Application

Host: Intel(R) Core(TM) i7-8550U CPU @ 1.80GHz, 8 cores, 7G,  Windows 10 , 64 bit Build 19041 (10.0.19041.662)
Time: Tue Jan 26 18:36:30 2021 India Standard Time elapsed time: 0.574413 seconds (0d 0h 0m 0s)

---------------  T H R E A D  ---------------

Current thread (0x000001a4bb44a4d0):  JavaThread "C2 CompilerThread0" daemon [_thread_in_native, id=25128, stack(0x0000002721c00000,0x0000002721d00000)]


Current CompileTask:
C2:    574  635       4       java.util.HashMap::put (13 bytes)

Stack: [0x0000002721c00000,0x0000002721d00000]
Native frames: (J=compiled Java code, j=interpreted, Vv=VM code, C=native code)
V  [jvm.dll+0x62ae9a]
V  [jvm.dll+0x781389]
V  [jvm.dll+0x782ae3]
V  [jvm.dll+0x783143]
V  [jvm.dll+0x216265]
V  [jvm.dll+0x97efa]
V  [jvm.dll+0x985dc]
V  [jvm.dll+0x32e525]
V  [jvm.dll+0x18e2e1]
V  [jvm.dll+0x1ea762]
V  [jvm.dll+0x1e98ae]
V  [jvm.dll+0x1784c7]
V  [jvm.dll+0x1f9165]
V  [jvm.dll+0x1f720c]
V  [jvm.dll+0x74485d]
V  [jvm.dll+0x73d65a]
V  [jvm.dll+0x629c56]
C  [ucrtbase.dll+0x214c2]
C  [KERNEL32.DLL+0x17034]
C  [ntdll.dll+0x4d0d1]


---------------  P R O C E S S  ---------------

Threads class SMR info:
_java_thread_list=0x000001a4bc677010, length=13, elements={
0x000001a49c965ad0, 0x000001a4bb4269c0, 0x000001a4bb427590, 0x000001a4bb43c460,
0x000001a4bb43ee30, 0x000001a4bb4408f0, 0x000001a4bb44a4d0, 0x000001a4bb44b070,
0x000001a4bb450a90, 0x000001a4bb40b2b0, 0x000001a4bc4fc9f0, 0x000001a4bc4fcec0,
0x000001a4bc763af0
}

Java Threads: ( => current thread )
  0x000001a49c965ad0 JavaThread "main" [_thread_in_Java, id=26256, stack(0x0000002721000000,0x0000002721100000)]
  0x000001a4bb4269c0 JavaThread "Reference Handler" daemon [_thread_blocked, id=23668, stack(0x0000002721700000,0x0000002721800000)]
  0x000001a4bb427590 JavaThread "Finalizer" daemon [_thread_blocked, id=10716, stack(0x0000002721800000,0x0000002721900000)]
  0x000001a4bb43c460 JavaThread "Signal Dispatcher" daemon [_thread_blocked, id=11468, stack(0x0000002721900000,0x0000002721a00000)]
  0x000001a4bb43ee30 JavaThread "Attach Listener" daemon [_thread_blocked, id=1292, stack(0x0000002721a00000,0x0000002721b00000)]
  0x000001a4bb4408f0 JavaThread "Service Thread" daemon [_thread_blocked, id=16228, stack(0x0000002721b00000,0x0000002721c00000)]
=>0x000001a4bb44a4d0 JavaThread "C2 CompilerThread0" daemon [_thread_in_native, id=25128, stack(0x0000002721c00000,0x0000002721d00000)]
  0x000001a4bb44b070 JavaThread "C1 CompilerThread0" daemon [_thread_in_native, id=27380, stack(0x0000002721d00000,0x0000002721e00000)]
  0x000001a4bb450a90 JavaThread "Sweeper thread" daemon [_thread_blocked, id=15952, stack(0x0000002721e00000,0x0000002721f00000)]
  0x000001a4bb40b2b0 JavaThread "Common-Cleaner" daemon [_thread_blocked, id=19332, stack(0x0000002721f00000,0x0000002722000000)]
  0x000001a4bc4fc9f0 JavaThread "Monitor Ctrl-Break" daemon [_thread_in_native, id=1884, stack(0x0000002722100000,0x0000002722200000)]
  0x000001a4bc4fcec0 JavaThread "Notification Thread" daemon [_thread_blocked, id=23040, stack(0x0000002722200000,0x0000002722300000)]
  0x000001a4bc763af0 JavaThread "C2 CompilerThread1" daemon [_thread_in_native, id=25504, stack(0x0000002722000000,0x0000002722100000)]

Other Threads:
  0x000001a4bb425d40 VMThread "VM Thread" [stack: 0x0000002721600000,0x0000002721700000] [id=25928]
  0x000001a4bc4fd810 WatcherThread [stack: 0x0000002722300000,0x0000002722400000] [id=29320]
  0x000001a49c9a6a00 GCTaskThread "GC Thread#0" [stack: 0x0000002721100000,0x0000002721200000] [id=18700]
  0x000001a49c9b7850 ConcurrentGCThread "G1 Main Marker" [stack: 0x0000002721200000,0x0000002721300000] [id=29192]
  0x000001a49c9b8be0 ConcurrentGCThread "G1 Conc#0" [stack: 0x0000002721300000,0x0000002721400000] [id=19760]
  0x000001a4bb2940b0 ConcurrentGCThread "G1 Refine#0" [stack: 0x0000002721400000,0x0000002721500000] [id=24220]
  0x000001a4bb294cb0 ConcurrentGCThread "G1 Young RemSet Sampling" [stack: 0x0000002721500000,0x0000002721600000] [id=23256]

Threads with active compile tasks:
C2 CompilerThread0      608  635       4       java.util.HashMap::put (13 bytes)
C1 CompilerThread0      608  708       3       java.nio.DirectByteBuffer::<init> (55 bytes)
C2 CompilerThread1      608  694   !   4       java.util.zip.ZipFile$Source::getEntryPos (174 bytes)

VM state: not at safepoint (normal execution)

VM Mutex/Monitor currently owned by a thread:  ([mutex/lock_event])
[0x000001a49c960210] CodeCache_lock - owner thread: 0x0000000000000000

Heap address: 0x0000000081800000, size: 2024 MB, Compressed Oops mode: 32-bit
CDS archive(s) mapped at: [0x0000000800000000-0x0000000800b50000-0x0000000800b50000), size 11862016, SharedBaseAddress: 0x0000000800000000, ArchiveRelocationMode: 0.
Compressed class space mapped at: 0x0000000800b50000-0x0000000840b50000, size: 1073741824
Narrow klass base: 0x0000000800000000, Narrow klass shift: 3, Narrow klass range: 0x100000000

GC Precious Log:
 CPUs: 8 total, 8 available
 Memory: 8089M
 Large Page Support: Disabled
 NUMA Support: Disabled
 Compressed Oops: Enabled (32-bit)
 Heap Region Size: 1M
 Heap Min Capacity: 8M
 Heap Initial Capacity: 128M
 Heap Max Capacity: 2024M
 Pre-touch: Disabled
 Parallel Workers: 8
 Concurrent Workers: 2
 Concurrent Refinement Workers: 8
 Periodic GC: Disabled

Heap:
 garbage-first heap   total 131072K, used 15360K [0x0000000081800000, 0x0000000100000000)
  region size 1024K, 15 young (15360K), 0 survivors (0K)
 Metaspace       used 2860K, capacity 5463K, committed 5632K, reserved 1056768K
  class space    used 272K, capacity 497K, committed 512K, reserved 1048576K

Heap Regions: E=young(eden), S=young(survivor), O=old, HS=humongous(starts), HC=humongous(continues), CS=collection set, F=free, OA=open archive, CA=closed archive, TAMS=top-at-mark-start (previous, next)
|   0|0x0000000081800000, 0x0000000081900000, 0x0000000081900000|100%|HS|  |TAMS 0x0000000081800000, 0x0000000081800000| Complete 
|   1|0x0000000081900000, 0x0000000081a00000, 0x0000000081a00000|100%|HS|  |TAMS 0x0000000081900000, 0x0000000081900000| Complete 
|   2|0x0000000081a00000, 0x0000000081a00000, 0x0000000081b00000|  0%| F|  |TAMS 0x0000000081a00000, 0x0000000081a00000| Untracked 
|   3|0x0000000081b00000, 0x0000000081b00000, 0x0000000081c00000|  0%| F|  |TAMS 0x0000000081b00000, 0x0000000081b00000| Untracked 
|   4|0x0000000081c00000, 0x0000000081c00000, 0x0000000081d00000|  0%| F|  |TAMS 0x0000000081c00000, 0x0000000081c00000| Untracked 
|   5|0x0000000081d00000, 0x0000000081d00000, 0x0000000081e00000|  0%| F|  |TAMS 0x0000000081d00000, 0x0000000081d00000| Untracked 
|   6|0x0000000081e00000, 0x0000000081e00000, 0x0000000081f00000|  0%| F|  |TAMS 0x0000000081e00000, 0x0000000081e00000| Untracked 
|   7|0x0000000081f00000, 0x0000000081f00000, 0x0000000082000000|  0%| F|  |TAMS 0x0000000081f00000, 0x0000000081f00000| Untracked 
|   8|0x0000000082000000, 0x0000000082000000, 0x0000000082100000|  0%| F|  |TAMS 0x0000000082000000, 0x0000000082000000| Untracked 
|   9|0x0000000082100000, 0x0000000082100000, 0x0000000082200000|  0%| F|  |TAMS 0x0000000082100000, 0x0000000082100000| Untracked 
|  10|0x0000000082200000, 0x0000000082200000, 0x0000000082300000|  0%| F|  |TAMS 0x0000000082200000, 0x0000000082200000| Untracked 
|  11|0x0000000082300000, 0x0000000082300000, 0x0000000082400000|  0%| F|  |TAMS 0x0000000082300000, 0x0000000082300000| Untracked 
|  12|0x0000000082400000, 0x0000000082400000, 0x0000000082500000|  0%| F|  |TAMS 0x0000000082400000, 0x0000000082400000| Untracked 
|  13|0x0000000082500000, 0x0000000082500000, 0x0000000082600000|  0%| F|  |TAMS 0x0000000082500000, 0x0000000082500000| Untracked 
|  14|0x0000000082600000, 0x0000000082600000, 0x0000000082700000|  0%| F|  |TAMS 0x0000000082600000, 0x0000000082600000| Untracked 
|  15|0x0000000082700000, 0x0000000082700000, 0x0000000082800000|  0%| F|  |TAMS 0x0000000082700000, 0x0000000082700000| Untracked 
|  16|0x0000000082800000, 0x0000000082800000, 0x0000000082900000|  0%| F|  |TAMS 0x0000000082800000, 0x0000000082800000| Untracked 
|  17|0x0000000082900000, 0x0000000082900000, 0x0000000082a00000|  0%| F|  |TAMS 0x0000000082900000, 0x0000000082900000| Untracked 
|  18|0x0000000082a00000, 0x0000000082a00000, 0x0000000082b00000|  0%| F|  |TAMS 0x0000000082a00000, 0x0000000082a00000| Untracked 
|  19|0x0000000082b00000, 0x0000000082b00000, 0x0000000082c00000|  0%| F|  |TAMS 0x0000000082b00000, 0x0000000082b00000| Untracked 
|  20|0x0000000082c00000, 0x0000000082c00000, 0x0000000082d00000|  0%| F|  |TAMS 0x0000000082c00000, 0x0000000082c00000| Untracked 
|  21|0x0000000082d00000, 0x0000000082d00000, 0x0000000082e00000|  0%| F|  |TAMS 0x0000000082d00000, 0x0000000082d00000| Untracked 
|  22|0x0000000082e00000, 0x0000000082e00000, 0x0000000082f00000|  0%| F|  |TAMS 0x0000000082e00000, 0x0000000082e00000| Untracked 
|  23|0x0000000082f00000, 0x0000000082f00000, 0x0000000083000000|  0%| F|  |TAMS 0x0000000082f00000, 0x0000000082f00000| Untracked 
|  24|0x0000000083000000, 0x0000000083000000, 0x0000000083100000|  0%| F|  |TAMS 0x0000000083000000, 0x0000000083000000| Untracked 
|  25|0x0000000083100000, 0x0000000083100000, 0x0000000083200000|  0%| F|  |TAMS 0x0000000083100000, 0x0000000083100000| Untracked 
|  26|0x0000000083200000, 0x0000000083200000, 0x0000000083300000|  0%| F|  |TAMS 0x0000000083200000, 0x0000000083200000| Untracked 
|  27|0x0000000083300000, 0x0000000083300000, 0x0000000083400000|  0%| F|  |TAMS 0x0000000083300000, 0x0000000083300000| Untracked 
|  28|0x0000000083400000, 0x0000000083400000, 0x0000000083500000|  0%| F|  |TAMS 0x0000000083400000, 0x0000000083400000| Untracked 
|  29|0x0000000083500000, 0x0000000083500000, 0x0000000083600000|  0%| F|  |TAMS 0x0000000083500000, 0x0000000083500000| Untracked 
|  30|0x0000000083600000, 0x0000000083600000, 0x0000000083700000|  0%| F|  |TAMS 0x0000000083600000, 0x0000000083600000| Untracked 
|  31|0x0000000083700000, 0x0000000083700000, 0x0000000083800000|  0%| F|  |TAMS 0x0000000083700000, 0x0000000083700000| Untracked 
|  32|0x0000000083800000, 0x0000000083800000, 0x0000000083900000|  0%| F|  |TAMS 0x0000000083800000, 0x0000000083800000| Untracked 
|  33|0x0000000083900000, 0x0000000083900000, 0x0000000083a00000|  0%| F|  |TAMS 0x0000000083900000, 0x0000000083900000| Untracked 
|  34|0x0000000083a00000, 0x0000000083a00000, 0x0000000083b00000|  0%| F|  |TAMS 0x0000000083a00000, 0x0000000083a00000| Untracked 
|  35|0x0000000083b00000, 0x0000000083b00000, 0x0000000083c00000|  0%| F|  |TAMS 0x0000000083b00000, 0x0000000083b00000| Untracked 
|  36|0x0000000083c00000, 0x0000000083c00000, 0x0000000083d00000|  0%| F|  |TAMS 0x0000000083c00000, 0x0000000083c00000| Untracked 
|  37|0x0000000083d00000, 0x0000000083d00000, 0x0000000083e00000|  0%| F|  |TAMS 0x0000000083d00000, 0x0000000083d00000| Untracked 
|  38|0x0000000083e00000, 0x0000000083e00000, 0x0000000083f00000|  0%| F|  |TAMS 0x0000000083e00000, 0x0000000083e00000| Untracked 
|  39|0x0000000083f00000, 0x0000000083f00000, 0x0000000084000000|  0%| F|  |TAMS 0x0000000083f00000, 0x0000000083f00000| Untracked 
|  40|0x0000000084000000, 0x0000000084000000, 0x0000000084100000|  0%| F|  |TAMS 0x0000000084000000, 0x0000000084000000| Untracked 
|  41|0x0000000084100000, 0x0000000084100000, 0x0000000084200000|  0%| F|  |TAMS 0x0000000084100000, 0x0000000084100000| Untracked 
|  42|0x0000000084200000, 0x0000000084200000, 0x0000000084300000|  0%| F|  |TAMS 0x0000000084200000, 0x0000000084200000| Untracked 
|  43|0x0000000084300000, 0x0000000084300000, 0x0000000084400000|  0%| F|  |TAMS 0x0000000084300000, 0x0000000084300000| Untracked 
|  44|0x0000000084400000, 0x0000000084400000, 0x0000000084500000|  0%| F|  |TAMS 0x0000000084400000, 0x0000000084400000| Untracked 
|  45|0x0000000084500000, 0x0000000084500000, 0x0000000084600000|  0%| F|  |TAMS 0x0000000084500000, 0x0000000084500000| Untracked 
|  46|0x0000000084600000, 0x0000000084600000, 0x0000000084700000|  0%| F|  |TAMS 0x0000000084600000, 0x0000000084600000| Untracked 
|  47|0x0000000084700000, 0x0000000084700000, 0x0000000084800000|  0%| F|  |TAMS 0x0000000084700000, 0x0000000084700000| Untracked 
|  48|0x0000000084800000, 0x0000000084800000, 0x0000000084900000|  0%| F|  |TAMS 0x0000000084800000, 0x0000000084800000| Untracked 
|  49|0x0000000084900000, 0x0000000084900000, 0x0000000084a00000|  0%| F|  |TAMS 0x0000000084900000, 0x0000000084900000| Untracked 
|  50|0x0000000084a00000, 0x0000000084a00000, 0x0000000084b00000|  0%| F|  |TAMS 0x0000000084a00000, 0x0000000084a00000| Untracked 
|  51|0x0000000084b00000, 0x0000000084b00000, 0x0000000084c00000|  0%| F|  |TAMS 0x0000000084b00000, 0x0000000084b00000| Untracked 
|  52|0x0000000084c00000, 0x0000000084c00000, 0x0000000084d00000|  0%| F|  |TAMS 0x0000000084c00000, 0x0000000084c00000| Untracked 
|  53|0x0000000084d00000, 0x0000000084d00000, 0x0000000084e00000|  0%| F|  |TAMS 0x0000000084d00000, 0x0000000084d00000| Untracked 
|  54|0x0000000084e00000, 0x0000000084e00000, 0x0000000084f00000|  0%| F|  |TAMS 0x0000000084e00000, 0x0000000084e00000| Untracked 
|  55|0x0000000084f00000, 0x0000000084f00000, 0x0000000085000000|  0%| F|  |TAMS 0x0000000084f00000, 0x0000000084f00000| Untracked 
|  56|0x0000000085000000, 0x0000000085000000, 0x0000000085100000|  0%| F|  |TAMS 0x0000000085000000, 0x0000000085000000| Untracked 
|  57|0x0000000085100000, 0x0000000085100000, 0x0000000085200000|  0%| F|  |TAMS 0x0000000085100000, 0x0000000085100000| Untracked 
|  58|0x0000000085200000, 0x0000000085200000, 0x0000000085300000|  0%| F|  |TAMS 0x0000000085200000, 0x0000000085200000| Untracked 
|  59|0x0000000085300000, 0x0000000085300000, 0x0000000085400000|  0%| F|  |TAMS 0x0000000085300000, 0x0000000085300000| Untracked 
|  60|0x0000000085400000, 0x0000000085400000, 0x0000000085500000|  0%| F|  |TAMS 0x0000000085400000, 0x0000000085400000| Untracked 
|  61|0x0000000085500000, 0x0000000085500000, 0x0000000085600000|  0%| F|  |TAMS 0x0000000085500000, 0x0000000085500000| Untracked 
|  62|0x0000000085600000, 0x0000000085600000, 0x0000000085700000|  0%| F|  |TAMS 0x0000000085600000, 0x0000000085600000| Untracked 
|  63|0x0000000085700000, 0x0000000085700000, 0x0000000085800000|  0%| F|  |TAMS 0x0000000085700000, 0x0000000085700000| Untracked 
|  64|0x0000000085800000, 0x0000000085800000, 0x0000000085900000|  0%| F|  |TAMS 0x0000000085800000, 0x0000000085800000| Untracked 
|  65|0x0000000085900000, 0x0000000085900000, 0x0000000085a00000|  0%| F|  |TAMS 0x0000000085900000, 0x0000000085900000| Untracked 
|  66|0x0000000085a00000, 0x0000000085a00000, 0x0000000085b00000|  0%| F|  |TAMS 0x0000000085a00000, 0x0000000085a00000| Untracked 
|  67|0x0000000085b00000, 0x0000000085b00000, 0x0000000085c00000|  0%| F|  |TAMS 0x0000000085b00000, 0x0000000085b00000| Untracked 
|  68|0x0000000085c00000, 0x0000000085c00000, 0x0000000085d00000|  0%| F|  |TAMS 0x0000000085c00000, 0x0000000085c00000| Untracked 
|  69|0x0000000085d00000, 0x0000000085d00000, 0x0000000085e00000|  0%| F|  |TAMS 0x0000000085d00000, 0x0000000085d00000| Untracked 
|  70|0x0000000085e00000, 0x0000000085e00000, 0x0000000085f00000|  0%| F|  |TAMS 0x0000000085e00000, 0x0000000085e00000| Untracked 
|  71|0x0000000085f00000, 0x0000000085f00000, 0x0000000086000000|  0%| F|  |TAMS 0x0000000085f00000, 0x0000000085f00000| Untracked 
|  72|0x0000000086000000, 0x0000000086000000, 0x0000000086100000|  0%| F|  |TAMS 0x0000000086000000, 0x0000000086000000| Untracked 
|  73|0x0000000086100000, 0x0000000086100000, 0x0000000086200000|  0%| F|  |TAMS 0x0000000086100000, 0x0000000086100000| Untracked 
|  74|0x0000000086200000, 0x0000000086200000, 0x0000000086300000|  0%| F|  |TAMS 0x0000000086200000, 0x0000000086200000| Untracked 
|  75|0x0000000086300000, 0x0000000086300000, 0x0000000086400000|  0%| F|  |TAMS 0x0000000086300000, 0x0000000086300000| Untracked 
|  76|0x0000000086400000, 0x0000000086400000, 0x0000000086500000|  0%| F|  |TAMS 0x0000000086400000, 0x0000000086400000| Untracked 
|  77|0x0000000086500000, 0x0000000086500000, 0x0000000086600000|  0%| F|  |TAMS 0x0000000086500000, 0x0000000086500000| Untracked 
|  78|0x0000000086600000, 0x0000000086600000, 0x0000000086700000|  0%| F|  |TAMS 0x0000000086600000, 0x0000000086600000| Untracked 
|  79|0x0000000086700000, 0x0000000086700000, 0x0000000086800000|  0%| F|  |TAMS 0x0000000086700000, 0x0000000086700000| Untracked 
|  80|0x0000000086800000, 0x0000000086800000, 0x0000000086900000|  0%| F|  |TAMS 0x0000000086800000, 0x0000000086800000| Untracked 
|  81|0x0000000086900000, 0x0000000086900000, 0x0000000086a00000|  0%| F|  |TAMS 0x0000000086900000, 0x0000000086900000| Untracked 
|  82|0x0000000086a00000, 0x0000000086a00000, 0x0000000086b00000|  0%| F|  |TAMS 0x0000000086a00000, 0x0000000086a00000| Untracked 
|  83|0x0000000086b00000, 0x0000000086b00000, 0x0000000086c00000|  0%| F|  |TAMS 0x0000000086b00000, 0x0000000086b00000| Untracked 
|  84|0x0000000086c00000, 0x0000000086c00000, 0x0000000086d00000|  0%| F|  |TAMS 0x0000000086c00000, 0x0000000086c00000| Untracked 
|  85|0x0000000086d00000, 0x0000000086d00000, 0x0000000086e00000|  0%| F|  |TAMS 0x0000000086d00000, 0x0000000086d00000| Untracked 
|  86|0x0000000086e00000, 0x0000000086e00000, 0x0000000086f00000|  0%| F|  |TAMS 0x0000000086e00000, 0x0000000086e00000| Untracked 
|  87|0x0000000086f00000, 0x0000000086f00000, 0x0000000087000000|  0%| F|  |TAMS 0x0000000086f00000, 0x0000000086f00000| Untracked 
|  88|0x0000000087000000, 0x0000000087000000, 0x0000000087100000|  0%| F|  |TAMS 0x0000000087000000, 0x0000000087000000| Untracked 
|  89|0x0000000087100000, 0x0000000087100000, 0x0000000087200000|  0%| F|  |TAMS 0x0000000087100000, 0x0000000087100000| Untracked 
|  90|0x0000000087200000, 0x0000000087200000, 0x0000000087300000|  0%| F|  |TAMS 0x0000000087200000, 0x0000000087200000| Untracked 
|  91|0x0000000087300000, 0x0000000087300000, 0x0000000087400000|  0%| F|  |TAMS 0x0000000087300000, 0x0000000087300000| Untracked 
|  92|0x0000000087400000, 0x0000000087400000, 0x0000000087500000|  0%| F|  |TAMS 0x0000000087400000, 0x0000000087400000| Untracked 
|  93|0x0000000087500000, 0x0000000087500000, 0x0000000087600000|  0%| F|  |TAMS 0x0000000087500000, 0x0000000087500000| Untracked 
|  94|0x0000000087600000, 0x0000000087600000, 0x0000000087700000|  0%| F|  |TAMS 0x0000000087600000, 0x0000000087600000| Untracked 
|  95|0x0000000087700000, 0x0000000087700000, 0x0000000087800000|  0%| F|  |TAMS 0x0000000087700000, 0x0000000087700000| Untracked 
|  96|0x0000000087800000, 0x0000000087800000, 0x0000000087900000|  0%| F|  |TAMS 0x0000000087800000, 0x0000000087800000| Untracked 
|  97|0x0000000087900000, 0x0000000087900000, 0x0000000087a00000|  0%| F|  |TAMS 0x0000000087900000, 0x0000000087900000| Untracked 
|  98|0x0000000087a00000, 0x0000000087a00000, 0x0000000087b00000|  0%| F|  |TAMS 0x0000000087a00000, 0x0000000087a00000| Untracked 
|  99|0x0000000087b00000, 0x0000000087b00000, 0x0000000087c00000|  0%| F|  |TAMS 0x0000000087b00000, 0x0000000087b00000| Untracked 
| 100|0x0000000087c00000, 0x0000000087c00000, 0x0000000087d00000|  0%| F|  |TAMS 0x0000000087c00000, 0x0000000087c00000| Untracked 
| 101|0x0000000087d00000, 0x0000000087d00000, 0x0000000087e00000|  0%| F|  |TAMS 0x0000000087d00000, 0x0000000087d00000| Untracked 
| 102|0x0000000087e00000, 0x0000000087e00000, 0x0000000087f00000|  0%| F|  |TAMS 0x0000000087e00000, 0x0000000087e00000| Untracked 
| 103|0x0000000087f00000, 0x0000000087f00000, 0x0000000088000000|  0%| F|  |TAMS 0x0000000087f00000, 0x0000000087f00000| Untracked 
| 104|0x0000000088000000, 0x0000000088000000, 0x0000000088100000|  0%| F|  |TAMS 0x0000000088000000, 0x0000000088000000| Untracked 
| 105|0x0000000088100000, 0x0000000088100000, 0x0000000088200000|  0%| F|  |TAMS 0x0000000088100000, 0x0000000088100000| Untracked 
| 106|0x0000000088200000, 0x0000000088200000, 0x0000000088300000|  0%| F|  |TAMS 0x0000000088200000, 0x0000000088200000| Untracked 
| 107|0x0000000088300000, 0x0000000088300000, 0x0000000088400000|  0%| F|  |TAMS 0x0000000088300000, 0x0000000088300000| Untracked 
| 108|0x0000000088400000, 0x0000000088400000, 0x0000000088500000|  0%| F|  |TAMS 0x0000000088400000, 0x0000000088400000| Untracked 
| 109|0x0000000088500000, 0x0000000088500000, 0x0000000088600000|  0%| F|  |TAMS 0x0000000088500000, 0x0000000088500000| Untracked 
| 110|0x0000000088600000, 0x0000000088600000, 0x0000000088700000|  0%| F|  |TAMS 0x0000000088600000, 0x0000000088600000| Untracked 
| 111|0x0000000088700000, 0x0000000088700000, 0x0000000088800000|  0%| F|  |TAMS 0x0000000088700000, 0x0000000088700000| Untracked 
| 112|0x0000000088800000, 0x0000000088800000, 0x0000000088900000|  0%| F|  |TAMS 0x0000000088800000, 0x0000000088800000| Untracked 
| 113|0x0000000088900000, 0x0000000088976530, 0x0000000088a00000| 46%| E|  |TAMS 0x0000000088900000, 0x0000000088900000| Complete 
| 114|0x0000000088a00000, 0x0000000088b00000, 0x0000000088b00000|100%| E|CS|TAMS 0x0000000088a00000, 0x0000000088a00000| Complete 
| 115|0x0000000088b00000, 0x0000000088c00000, 0x0000000088c00000|100%| E|CS|TAMS 0x0000000088b00000, 0x0000000088b00000| Complete 
| 116|0x0000000088c00000, 0x0000000088d00000, 0x0000000088d00000|100%| E|CS|TAMS 0x0000000088c00000, 0x0000000088c00000| Complete 
| 117|0x0000000088d00000, 0x0000000088e00000, 0x0000000088e00000|100%| E|CS|TAMS 0x0000000088d00000, 0x0000000088d00000| Complete 
| 118|0x0000000088e00000, 0x0000000088f00000, 0x0000000088f00000|100%| E|CS|TAMS 0x0000000088e00000, 0x0000000088e00000| Complete 
| 119|0x0000000088f00000, 0x0000000089000000, 0x0000000089000000|100%| E|CS|TAMS 0x0000000088f00000, 0x0000000088f00000| Complete 
| 120|0x0000000089000000, 0x0000000089100000, 0x0000000089100000|100%| E|CS|TAMS 0x0000000089000000, 0x0000000089000000| Complete 
| 121|0x0000000089100000, 0x0000000089200000, 0x0000000089200000|100%| E|  |TAMS 0x0000000089100000, 0x0000000089100000| Complete 
| 122|0x0000000089200000, 0x0000000089300000, 0x0000000089300000|100%| E|CS|TAMS 0x0000000089200000, 0x0000000089200000| Complete 
| 123|0x0000000089300000, 0x0000000089400000, 0x0000000089400000|100%| E|CS|TAMS 0x0000000089300000, 0x0000000089300000| Complete 
| 124|0x0000000089400000, 0x0000000089500000, 0x0000000089500000|100%| E|CS|TAMS 0x0000000089400000, 0x0000000089400000| Complete 
| 125|0x0000000089500000, 0x0000000089600000, 0x0000000089600000|100%| E|CS|TAMS 0x0000000089500000, 0x0000000089500000| Complete 
| 126|0x0000000089600000, 0x0000000089700000, 0x0000000089700000|100%| E|CS|TAMS 0x0000000089600000, 0x0000000089600000| Complete 
| 127|0x0000000089700000, 0x0000000089800000, 0x0000000089800000|100%| E|CS|TAMS 0x0000000089700000, 0x0000000089700000| Complete 

Card table byte_map: [0x000001a4b42c0000,0x000001a4b46c0000] _byte_map_base: 0x000001a4b3eb4000

Marking Bits (Prev, Next): (CMBitMap*) 0x000001a49c9a71f0, (CMBitMap*) 0x000001a49c9a7230
 Prev Bits: [0x000001a4b4ac0000, 0x000001a4b6a60000)
 Next Bits: [0x000001a4b6a60000, 0x000001a4b8a00000)

Polling page: 0x000001a49a8b0000

Metaspace:

Usage:
  Non-class:      4.85 MB capacity,     2.60 MB ( 54%) used,     2.25 MB ( 46%) free+waste,     1.94 KB ( <1%) overhead. 
      Class:    497.00 KB capacity,   277.19 KB ( 56%) used,   218.88 KB ( 44%) free+waste,   960 bytes ( <1%) overhead. 
       Both:      5.33 MB capacity,     2.87 MB ( 54%) used,     2.47 MB ( 46%) free+waste,     2.88 KB ( <1%) overhead. 

Virtual space:
  Non-class space:        8.00 MB reserved,       5.00 MB ( 62%) committed 
      Class space:        1.00 GB reserved,     512.00 KB ( <1%) committed 
             Both:        1.01 GB reserved,       5.50 MB ( <1%) committed 

Chunk freelists:
   Non-Class:  26.00 KB
       Class:  15.00 KB
        Both:  41.00 KB

MaxMetaspaceSize: 17179869184.00 GB
CompressedClassSpaceSize: 1.00 GB

CodeHeap 'non-profiled nmethods': size=120000Kb used=212Kb max_used=212Kb free=119787Kb
 bounds [0x000001a4ac660000, 0x000001a4ac8d0000, 0x000001a4b3b90000]
CodeHeap 'profiled nmethods': size=120000Kb used=1243Kb max_used=1243Kb free=118756Kb
 bounds [0x000001a4a5130000, 0x000001a4a53a0000, 0x000001a4ac660000]
CodeHeap 'non-nmethods': size=5760Kb used=1151Kb max_used=1169Kb free=4608Kb
 bounds [0x000001a4a4b90000, 0x000001a4a4e00000, 0x000001a4a5130000]
 total_blobs=1112 nmethods=707 adapters=318
 compilation: enabled
              stopped_count=0, restarted_count=0
 full_count=0

Compilation events (20 events):
Event: 0.566 Thread 0x000001a4bc763af0 nmethod 653 0x000001a4ac68f890 code [0x000001a4ac68fa00, 0x000001a4ac68fab8]
Event: 0.566 Thread 0x000001a4bc763af0  637       4       java.lang.AbstractStringBuilder::append (45 bytes)
Event: 0.566 Thread 0x000001a4bb44b070 nmethod 660 0x000001a4a5248410 code [0x000001a4a5248660, 0x000001a4a52490f8]
Event: 0.566 Thread 0x000001a4bb44b070  664       3       java.lang.AbstractStringBuilder::append (77 bytes)
Event: 0.567 Thread 0x000001a4bb44b070 nmethod 664 0x000001a4a5249490 code [0x000001a4a52496a0, 0x000001a4a5249d28]
Event: 0.567 Thread 0x000001a4bb44b070  661       3       java.net.URL::<init> (8 bytes)
Event: 0.567 Thread 0x000001a4bb44b070 nmethod 661 0x000001a4a5249f90 code [0x000001a4a524a140, 0x000001a4a524a268]
Event: 0.567 Thread 0x000001a4bb44b070  663       3       java.util.zip.ZipCoder$UTF8ZipCoder::toString (12 bytes)
Event: 0.567 Thread 0x000001a4bb44b070 nmethod 663 0x000001a4a524a310 code [0x000001a4a524a4c0, 0x000001a4a524a648]
Event: 0.567 Thread 0x000001a4bb44b070  656       3       java.util.zip.ZipFile$ZipFileInputStream::<init> (96 bytes)
Event: 0.568 Thread 0x000001a4bb44b070 nmethod 656 0x000001a4a524a710 code [0x000001a4a524a940, 0x000001a4a524b388]
Event: 0.570 Thread 0x000001a4bb44b070  665       3       java.util.ArrayDeque::addLast (51 bytes)
Event: 0.570 Thread 0x000001a4bb44b070 nmethod 665 0x000001a4a524b810 code [0x000001a4a524b9e0, 0x000001a4a524beb8]
Event: 0.570 Thread 0x000001a4bb44b070  666       3       java.net.URL::toString (5 bytes)
Event: 0.571 Thread 0x000001a4bb44b070 nmethod 666 0x000001a4a524c090 code [0x000001a4a524c240, 0x000001a4a524c468]
Event: 0.571 Thread 0x000001a4bb44b070  668       3       java.lang.StringBuilder::append (8 bytes)
Event: 0.571 Thread 0x000001a4bb44b070 nmethod 668 0x000001a4a524c590 code [0x000001a4a524c740, 0x000001a4a524c888]
Event: 0.571 Thread 0x000001a4bb44b070  667       3       java.net.URL::toExternalForm (9 bytes)
Event: 0.571 Thread 0x000001a4bb44b070 nmethod 667 0x000001a4a524c910 code [0x000001a4a524cac0, 0x000001a4a524cc88]
Event: 0.571 Thread 0x000001a4bb44b070  669       3       java.util.zip.ZipFile::getZipEntry (299 bytes)

GC Heap History (0 events):
No events

Deoptimization events (20 events):
Event: 0.401 Thread 0x000001a49c965ad0 Uncommon trap: trap_request=0xffffff45 fr.pc=0x000001a4ac661418 relative=0x0000000000000078
Event: 0.401 Thread 0x000001a49c965ad0 Uncommon trap: reason=unstable_if action=reinterpret pc=0x000001a4ac661418 method=java.lang.String.isLatin1()Z @ 10 c2
Event: 0.401 Thread 0x000001a49c965ad0 DEOPT PACKING pc=0x000001a4ac661418 sp=0x00000027210fef90
Event: 0.401 Thread 0x000001a49c965ad0 DEOPT UNPACKING pc=0x000001a4a4bde42f sp=0x00000027210feed0 mode 2
Event: 0.469 Thread 0x000001a49c965ad0 Uncommon trap: trap_request=0xffffff45 fr.pc=0x000001a4ac6831e4 relative=0x0000000000000244
Event: 0.469 Thread 0x000001a49c965ad0 Uncommon trap: reason=unstable_if action=reinterpret pc=0x000001a4ac6831e4 method=java.io.BufferedReader.read()I @ 19 c2
Event: 0.469 Thread 0x000001a49c965ad0 DEOPT PACKING pc=0x000001a4ac6831e4 sp=0x00000027210fc500
Event: 0.469 Thread 0x000001a49c965ad0 DEOPT UNPACKING pc=0x000001a4a4bde42f sp=0x00000027210fc440 mode 2
Event: 0.548 Thread 0x000001a49c965ad0 Uncommon trap: trap_request=0xffffff45 fr.pc=0x000001a4ac676ec8 relative=0x0000000000000428
Event: 0.548 Thread 0x000001a49c965ad0 Uncommon trap: reason=unstable_if action=reinterpret pc=0x000001a4ac676ec8 method=java.lang.StringLatin1.canEncode(I)Z @ 4 c2
Event: 0.548 Thread 0x000001a49c965ad0 DEOPT PACKING pc=0x000001a4ac676ec8 sp=0x00000027210fd6a0
Event: 0.548 Thread 0x000001a49c965ad0 DEOPT UNPACKING pc=0x000001a4a4bde42f sp=0x00000027210fd5c8 mode 2
Event: 0.548 Thread 0x000001a49c965ad0 Uncommon trap: trap_request=0xffffff45 fr.pc=0x000001a4ac67650c relative=0x00000000000003ec
Event: 0.548 Thread 0x000001a49c965ad0 Uncommon trap: reason=unstable_if action=reinterpret pc=0x000001a4ac67650c method=java.lang.AbstractStringBuilder.isLatin1()Z @ 10 c2
Event: 0.548 Thread 0x000001a49c965ad0 DEOPT PACKING pc=0x000001a4ac67650c sp=0x00000027210fd6b0
Event: 0.548 Thread 0x000001a49c965ad0 DEOPT UNPACKING pc=0x000001a4a4bde42f sp=0x00000027210fd630 mode 2
Event: 0.565 Thread 0x000001a49c965ad0 Uncommon trap: trap_request=0xffffff45 fr.pc=0x000001a4ac6743b4 relative=0x0000000000000034
Event: 0.565 Thread 0x000001a49c965ad0 Uncommon trap: reason=unstable_if action=reinterpret pc=0x000001a4ac6743b4 method=java.lang.StringLatin1.canEncode(I)Z @ 4 c2
Event: 0.565 Thread 0x000001a49c965ad0 DEOPT PACKING pc=0x000001a4ac6743b4 sp=0x00000027210fcca0
Event: 0.565 Thread 0x000001a49c965ad0 DEOPT UNPACKING pc=0x000001a4a4bde42f sp=0x00000027210fcc30 mode 2

Classes unloaded (0 events):
No events

Classes redefined (0 events):
No events

Internal exceptions (6 events):
Event: 0.404 Thread 0x000001a4bc4fc9f0 Exception <a 'java/lang/NoSuchMethodError'{0x0000000088f7e830}: 'java.lang.Object java.lang.invoke.DirectMethodHandle$Holder.invokeStatic(java.lang.Object)'> (0x0000000088f7e830) 
thrown [./open/src/hotspot/share/interpreter/linkResolver.cpp, line 782]
Event: 0.405 Thread 0x000001a4bc4fc9f0 Exception <a 'java/lang/NoSuchMethodError'{0x0000000088f82140}: 'java.lang.Object java.lang.invoke.DirectMethodHandle$Holder.invokeStaticInit(java.lang.Object)'> (0x0000000088f82140) 
thrown [./open/src/hotspot/share/interpreter/linkResolver.cpp, line 782]
Event: 0.411 Thread 0x000001a4bc4fc9f0 Exception <a 'java/lang/NoSuchMethodError'{0x0000000088f8f4b8}: 'void java.lang.invoke.DirectMethodHandle$Holder.invokeStatic(java.lang.Object, java.lang.Object)'> (0x0000000088f8f4b8) 
thrown [./open/src/hotspot/share/interpreter/linkResolver.cpp, line 782]
Event: 0.468 Thread 0x000001a49c965ad0 Exception <a 'java/lang/ClassNotFoundException'{0x0000000088d75f88}: javax/smartcardio/CardPermission> (0x0000000088d75f88) 
thrown [./open/src/hotspot/share/classfile/systemDictionary.cpp, line 295]
Event: 0.471 Thread 0x000001a49c965ad0 Exception <a 'java/io/FileNotFoundException'{0x0000000088d84598}> (0x0000000088d84598) 
thrown [./open/src/hotspot/share/prims/jni.cpp, line 578]
Event: 0.481 Thread 0x000001a49c965ad0 Exception <a 'java/lang/NoSuchMethodError'{0x0000000088da48b0}: 'void java.lang.invoke.DirectMethodHandle$Holder.invokeSpecial(java.lang.Object, java.lang.Object, java.lang.Object)'> (0x0000000088da48b0) 
thrown [./open/src/hotspot/share/interpreter/linkResolver.cpp, line 782]

Events (20 events):
Event: 0.510 loading class jdk/internal/module/ModulePatcher$PatchedModuleReader done
Event: 0.542 loading class sun/util/resources/LocaleData$CommonResourceBundleProvider
Event: 0.542 loading class sun/util/resources/LocaleData$LocaleDataResourceBundleProvider
Event: 0.543 loading class java/util/spi/ResourceBundleProvider
Event: 0.543 loading class java/util/spi/ResourceBundleProvider done
Event: 0.543 loading class sun/util/resources/LocaleData$LocaleDataResourceBundleProvider done
Event: 0.543 loading class sun/util/resources/LocaleData$CommonResourceBundleProvider done
Event: 0.543 loading class java/util/ArrayList$SubList$1
Event: 0.543 loading class java/util/ArrayList$SubList$1 done
Event: 0.545 loading class sun/text/resources/cldr/FormatData_en
Event: 0.545 loading class sun/text/resources/cldr/FormatData_en done
Event: 0.545 loading class sun/util/resources/Bundles$2
Event: 0.545 loading class sun/util/resources/Bundles$2 done
Event: 0.545 loading class java/lang/InstantiationException
Event: 0.545 loading class java/lang/InstantiationException done
Event: 0.561 Thread 0x000001a4bc763af0 Thread added: 0x000001a4bc763af0
Event: 0.562 loading class java/lang/NumberFormatException
Event: 0.562 loading class java/lang/NumberFormatException done
Event: 0.562 Executing VM operation: HandshakeAllThreads
Event: 0.562 Executing VM operation: HandshakeAllThreads done


Dynamic libraries:
0x00007ff6fed80000 - 0x00007ff6fed8f000 	C:\Program Files\Java\jdk-15.0.1\bin\java.exe
0x00007ffa01050000 - 0x00007ffa01246000 	C:\WINDOWS\SYSTEM32\ntdll.dll
0x00007ffa00470000 - 0x00007ffa0052d000 	C:\WINDOWS\System32\KERNEL32.DLL
0x00007ff9fec20000 - 0x00007ff9feee9000 	C:\WINDOWS\System32\KERNELBASE.dll
0x00007ff9fe9e0000 - 0x00007ff9feae0000 	C:\WINDOWS\System32\ucrtbase.dll
0x00007ff9ee820000 - 0x00007ff9ee839000 	C:\Program Files\Java\jdk-15.0.1\bin\VCRUNTIME140.dll
0x00007ff9f9b20000 - 0x00007ff9f9b38000 	C:\Program Files\Java\jdk-15.0.1\bin\jli.dll
0x00007ffa005d0000 - 0x00007ffa0067c000 	C:\WINDOWS\System32\ADVAPI32.dll
0x00007ffa00530000 - 0x00007ffa005ce000 	C:\WINDOWS\System32\msvcrt.dll
0x00007ff9ff800000 - 0x00007ff9ff89c000 	C:\WINDOWS\System32\sechost.dll
0x00007ff9ffe70000 - 0x00007ff9fff9b000 	C:\WINDOWS\System32\RPCRT4.dll
0x00007ffa002d0000 - 0x00007ffa00470000 	C:\WINDOWS\System32\USER32.dll
0x00007ff9ff000000 - 0x00007ff9ff022000 	C:\WINDOWS\System32\win32u.dll
0x00007ffa00ea0000 - 0x00007ffa00eca000 	C:\WINDOWS\System32\GDI32.dll
0x00007ff9ec6e0000 - 0x00007ff9ec97b000 	C:\WINDOWS\WinSxS\amd64_microsoft.windows.common-controls_6595b64144ccf1df_6.0.19041.488_none_ca04af081b815d21\COMCTL32.dll
0x00007ff9feef0000 - 0x00007ff9feff9000 	C:\WINDOWS\System32\gdi32full.dll
0x00007ff9fe7e0000 - 0x00007ff9fe87d000 	C:\WINDOWS\System32\msvcp_win.dll
0x00007ff9f4160000 - 0x00007ff9f416a000 	C:\WINDOWS\SYSTEM32\VERSION.dll
0x00007ffa00fe0000 - 0x00007ffa01010000 	C:\WINDOWS\System32\IMM32.DLL
0x00007ff9f8650000 - 0x00007ff9f865c000 	C:\Program Files\Java\jdk-15.0.1\bin\vcruntime140_1.dll
0x00007ff9ed280000 - 0x00007ff9ed311000 	C:\Program Files\Java\jdk-15.0.1\bin\msvcp140.dll
0x00007ff9c5b50000 - 0x00007ff9c66ae000 	C:\Program Files\Java\jdk-15.0.1\bin\server\jvm.dll
0x00007ffa00da0000 - 0x00007ffa00da8000 	C:\WINDOWS\System32\PSAPI.DLL
0x00007ff9eef50000 - 0x00007ff9eef77000 	C:\WINDOWS\SYSTEM32\WINMM.dll
0x00007ff9eade0000 - 0x00007ff9eade9000 	C:\WINDOWS\SYSTEM32\WSOCK32.dll
0x00007ffa00ca0000 - 0x00007ffa00d0b000 	C:\WINDOWS\System32\WS2_32.dll
0x00007ff9fd0a0000 - 0x00007ff9fd0b2000 	C:\WINDOWS\SYSTEM32\kernel.appcore.dll
0x00007ff9f6990000 - 0x00007ff9f699a000 	C:\Program Files\Java\jdk-15.0.1\bin\jimage.dll
0x00007ff9fcd80000 - 0x00007ff9fcf64000 	C:\WINDOWS\SYSTEM32\DBGHELP.DLL
0x00007ff9ecc30000 - 0x00007ff9ecc5c000 	C:\WINDOWS\SYSTEM32\dbgcore.DLL
0x00007ff9ff030000 - 0x00007ff9ff0b0000 	C:\WINDOWS\System32\bcryptPrimitives.dll
0x00007ff9f69a0000 - 0x00007ff9f69ae000 	C:\Program Files\Java\jdk-15.0.1\bin\instrument.dll
0x00007ff9ee7f0000 - 0x00007ff9ee815000 	C:\Program Files\Java\jdk-15.0.1\bin\java.dll
0x00007ff9ff0b0000 - 0x00007ff9ff7f2000 	C:\WINDOWS\System32\SHELL32.dll
0x00007ff9fc510000 - 0x00007ff9fcca5000 	C:\WINDOWS\SYSTEM32\windows.storage.dll
0x00007ff9ff8b0000 - 0x00007ff9ffc06000 	C:\WINDOWS\System32\combase.dll
0x00007ff9fe200000 - 0x00007ff9fe22c000 	C:\WINDOWS\SYSTEM32\Wldp.dll
0x00007ffa00f30000 - 0x00007ffa00fde000 	C:\WINDOWS\System32\SHCORE.dll
0x00007ffa00e40000 - 0x00007ffa00e95000 	C:\WINDOWS\System32\shlwapi.dll
0x00007ff9fe6c0000 - 0x00007ff9fe6e6000 	C:\WINDOWS\SYSTEM32\profapi.dll
0x00007ff9ede00000 - 0x00007ff9ede18000 	C:\Program Files\Java\jdk-15.0.1\bin\zip.dll
0x00007ff9ee7d0000 - 0x00007ff9ee7e9000 	C:\Program Files\Java\jdk-15.0.1\bin\net.dll
0x00007ff9f7670000 - 0x00007ff9f7770000 	C:\WINDOWS\SYSTEM32\WINHTTP.dll
0x00007ff9fdf80000 - 0x00007ff9fdfea000 	C:\WINDOWS\system32\mswsock.dll
0x00007ff9ee150000 - 0x00007ff9ee162000 	C:\Program Files\Java\jdk-15.0.1\bin\nio.dll
0x00007ff9e7da0000 - 0x00007ff9e7dba000 	D:\IntelliJ IDEA Community Edition 2020.3.1\bin\breakgen64.dll
0x00007ff9eeb60000 - 0x00007ff9eeb70000 	C:\Program Files\Java\jdk-15.0.1\bin\verify.dll

dbghelp: loaded successfully - version: 4.0.5 - missing functions: none
symbol engine: initialized successfully - sym options: 0x614 - pdb path: .;C:\Program Files\Java\jdk-15.0.1\bin;C:\WINDOWS\SYSTEM32;C:\WINDOWS\WinSxS\amd64_microsoft.windows.common-controls_6595b64144ccf1df_6.0.19041.488_none_ca04af081b815d21;C:\Program Files\Java\jdk-15.0.1\bin\server;D:\IntelliJ IDEA Community Edition 2020.3.1\bin

VM Arguments:
jvm_args: -javaagent:D:\IntelliJ IDEA Community Edition 2020.3.1\lib\idea_rt.jar=52167:D:\IntelliJ IDEA Community Edition 2020.3.1\bin -Dfile.encoding=UTF-8 
java_command: com.paytm.inpg.Application
java_class_path (initial): D:\springboot-usermanagement\target\classes;C:\Users\Dell\.m2\repository\org\springframework\boot\spring-boot-starter-data-jpa\2.4.2\spring-boot-starter-data-jpa-2.4.2.jar;C:\Users\Dell\.m2\repository\org\springframework\boot\spring-boot-starter-aop\2.4.2\spring-boot-starter-aop-2.4.2.jar;C:\Users\Dell\.m2\repository\org\aspectj\aspectjweaver\1.9.6\aspectjweaver-1.9.6.jar;C:\Users\Dell\.m2\repository\org\springframework\boot\spring-boot-starter-jdbc\2.4.2\spring-boot-starter-jdbc-2.4.2.jar;C:\Users\Dell\.m2\repository\com\zaxxer\HikariCP\3.4.5\HikariCP-3.4.5.jar;C:\Users\Dell\.m2\repository\org\springframework\spring-jdbc\5.3.3\spring-jdbc-5.3.3.jar;C:\Users\Dell\.m2\repository\jakarta\transaction\jakarta.transaction-api\1.3.3\jakarta.transaction-api-1.3.3.jar;C:\Users\Dell\.m2\repository\jakarta\persistence\jakarta.persistence-api\2.2.3\jakarta.persistence-api-2.2.3.jar;C:\Users\Dell\.m2\repository\org\hibernate\hibernate-core\5.4.27.Final\hibernate-core-5.4.27.Final.jar;C:\Users\Dell\.m2\repository\org\jboss\logging\jboss-logging\3.4.1.Final\jboss-logging-3.4.1.Final.jar;C:\Users\Dell\.m2\repository\org\javassist\javassist\3.27.0-GA\javassist-3.27.0-GA.jar;C:\Users\Dell\.m2\repository\net\bytebuddy\byte-buddy\1.10.19\byte-buddy-1.10.19.jar;C:\Users\Dell\.m2\repository\antlr\antlr\2.7.7\antlr-2.7.7.jar;C:\Users\Dell\.m2\repository\org\jboss\jandex\2.1.3.Final\jandex-2.1.3.Final.jar;C:\Users\Dell\.m2\repository\com\fasterxml\classmate\1.5.1\classmate-1.5.1.jar;C:\Users\Dell\.m2\repository\org\dom4j\dom4j\2.1.3\dom4j-2.1.3.jar;C:\Users\Dell\.m2\repository\org\hibernate\common\hibernate-commons-annotations\5.1.2.Final\hibernate-commons-annotations-5.1.2.Final.jar;C:\Users\Dell\.m2\repository\org\glassfish\jaxb\jaxb-runtime\2.3.3\jaxb-runtime-2.3.3.jar;C:\Users\Dell\.m2\repository\org\glassfish\jaxb\txw2\2.3.3\txw2-2.3.3.jar;C:\Users\Dell\.m2\repository\com\sun\istack\istack-commons-runtime\3.0.11\istack-commons-runtime-3.0.11.jar;C:\Users\
Launcher Type: SUN_STANDARD

[Global flags]
     intx CICompilerCount                          = 4                                         {product} {ergonomic}
     uint ConcGCThreads                            = 2                                         {product} {ergonomic}
     uint G1ConcRefinementThreads                  = 8                                         {product} {ergonomic}
   size_t G1HeapRegionSize                         = 1048576                                   {product} {ergonomic}
    uintx GCDrainStackTargetSize                   = 64                                        {product} {ergonomic}
   size_t InitialHeapSize                          = 134217728                                 {product} {ergonomic}
   size_t MarkStackSize                            = 4194304                                   {product} {ergonomic}
   size_t MaxHeapSize                              = 2122317824                                {product} {ergonomic}
   size_t MaxNewSize                               = 1272971264                                {product} {ergonomic}
   size_t MinHeapDeltaBytes                        = 1048576                                   {product} {ergonomic}
   size_t MinHeapSize                              = 8388608                                   {product} {ergonomic}
    uintx NonNMethodCodeHeapSize                   = 5839372                                {pd product} {ergonomic}
    uintx NonProfiledCodeHeapSize                  = 122909434                              {pd product} {ergonomic}
    uintx ProfiledCodeHeapSize                     = 122909434                              {pd product} {ergonomic}
    uintx ReservedCodeCacheSize                    = 251658240                              {pd product} {ergonomic}
     bool SegmentedCodeCache                       = true                                      {product} {ergonomic}
   size_t SoftMaxHeapSize                          = 2122317824                             {manageable} {ergonomic}
     bool UseCompressedClassPointers               = true                                 {lp64_product} {ergonomic}
     bool UseCompressedOops                        = true                                 {lp64_product} {ergonomic}
     bool UseG1GC                                  = true                                      {product} {ergonomic}
     bool UseLargePagesIndividualAllocation        = false                                  {pd product} {ergonomic}

Logging:
Log output configuration:
 #0: stdout all=warning uptime,level,tags
 #1: stderr all=off uptime,level,tags

Environment Variables:
JAVA_HOME=C:\Program Files\Java\jdk-15.0.1
PATH=C:\Program Files\Common Files\Oracle\Java\javapath;C:\Program Files (x86)\Common Files\Oracle\Java\javapath;C:\Program Files (x86)\Intel\Intel(R) Management Engine Components\iCLS\;C:\Program Files\Intel\Intel(R) Management Engine Components\iCLS\;C:\WINDOWS\system32;C:\WINDOWS;C:\WINDOWS\System32\Wbem;C:\WINDOWS\System32\WindowsPowerShell\v1.0\;C:\WINDOWS\System32\OpenSSH\;C:\Program Files (x86)\Intel\Intel(R) Management Engine Components\DAL;C:\Program Files\Intel\Intel(R) Management Engine Components\DAL;C:\Program Files (x86)\Intel\Intel(R) Management Engine Components\IPT;C:\Program Files\Intel\Intel(R) Management Engine Components\IPT;C:\Program Files (x86)\SMLNJ\bin\;C:\Program Files\Git\cmd;C:\Program Files\MongoDB\Server\4.2\bin;C:\MinGW\bin;D:\bin;D:\Matlab2016\runtime\win64;D:\Matlab2016\bin;D:\Matlab2016\polyspace\bin;C:\Program Files\Java\jdk-15.0.1\bin;C:\Users\Dell\AppData\Local\Programs\Python\Python38\Scripts\;C:\Users\Dell\AppData\Local\Programs\Python\Python38\;C:\Program Files\MySQL\MySQL Shell 8.0\bin\;C:\Users\Dell\AppData\Local\Microsoft\WindowsApps;;C:\Users\Dell\AppData\Local\Programs\Microsoft VS Code\bin;D:\IntelliJ IDEA Community Edition 2020.3.1\bin;
USERNAME=Dell
OS=Windows_NT
PROCESSOR_IDENTIFIER=Intel64 Family 6 Model 142 Stepping 10, GenuineIntel



---------------  S Y S T E M  ---------------

OS:
 Windows 10 , 64 bit Build 19041 (10.0.19041.662)
OS uptime: 13 days 6:18 hours

CPU: total 8 (initial active 8) (4 cores per cpu, 2 threads per core) family 6 model 142 stepping 10 microcode 0xb4, cmov, cx8, fxsr, mmx, sse, sse2, sse3, ssse3, sse4.1, sse4.2, popcnt, vzeroupper, avx, avx2, aes, clmul, erms, 3dnowpref, lzcnt, ht, tsc, tscinvbit, bmi1, bmi2, adx, fma, clflush, clflushopt

Memory: 4k page, system-wide physical 8089M (505M free)
TotalPageFile size 21462M (AvailPageFile size 4M)
current process WorkingSet (physical memory assigned to process): 59M, peak: 59M
current process commit charge ("private bytes"): 225M, peak: 226M

vm_info: Java HotSpot(TM) 64-Bit Server VM (15.0.1+9-18) for windows-amd64 JRE (15.0.1+9-18), built on Sep 15 2020 14:43:54 by "mach5one" with unknown MS VC++:1925

END.
