#
# There is insufficient memory for the Java Runtime Environment to continue.
# Native memory allocation (malloc) failed to allocate 773152 bytes for Chunk::new
# Possible reasons:
#   The system is out of physical RAM or swap space
#   The process is running with CompressedOops enabled, and the Java Heap may be blocking the growth of the native heap
# Possible solutions:
#   Reduce memory load on the system
#   Increase physical memory or swap space
#   Check if swap backing store is full
#   Decrease Java heap size (-Xmx/-Xms)
#   Decrease number of Java threads
#   Decrease Java thread stack sizes (-Xss)
#   Set larger code cache with -XX:ReservedCodeCacheSize=
#   JVM is running with Unscaled Compressed Oops mode in which the Java heap is
#     placed in the first 4GB address space. The Java Heap base address is the
#     maximum limit for the native heap growth. Please use -XX:HeapBaseMinAddress
#     to set the Java Heap base and to place the Java Heap above 4GB virtual address.
# This output file may be truncated or incomplete.
#
#  Out of Memory Error (./open/src/hotspot/share/memory/arena.cpp:195), pid=3496, tid=26932
#
# JRE version: Java(TM) SE Runtime Environment (15.0.1+9) (build 15.0.1+9-18)
# Java VM: Java HotSpot(TM) 64-Bit Server VM (15.0.1+9-18, mixed mode, sharing, tiered, compressed oops, g1 gc, windows-amd64)
# No core dump will be written. Minidumps are not enabled by default on client versions of Windows
#

---------------  S U M M A R Y ------------

Command Line: -javaagent:D:\IntelliJ IDEA Community Edition 2020.3.1\lib\idea_rt.jar=52182:D:\IntelliJ IDEA Community Edition 2020.3.1\bin -Dfile.encoding=UTF-8 com.paytm.inpg.Application

Host: Intel(R) Core(TM) i7-8550U CPU @ 1.80GHz, 8 cores, 7G,  Windows 10 , 64 bit Build 19041 (10.0.19041.662)
Time: Tue Jan 26 18:37:36 2021 India Standard Time elapsed time: 1.469582 seconds (0d 0h 0m 1s)

---------------  T H R E A D  ---------------

Current thread (0x000001ed62504240):  JavaThread "C2 CompilerThread1" daemon [_thread_in_native, id=26932, stack(0x000000eac7f00000,0x000000eac8000000)]


Current CompileTask:
C2:   1469 1623       4       sun.util.locale.BaseLocale::getInstance (186 bytes)

Stack: [0x000000eac7f00000,0x000000eac8000000]
Native frames: (J=compiled Java code, j=interpreted, Vv=VM code, C=native code)
V  [jvm.dll+0x62ae9a]
V  [jvm.dll+0x781389]
V  [jvm.dll+0x782ae3]
V  [jvm.dll+0x783143]
V  [jvm.dll+0x216265]
V  [jvm.dll+0x97efa]
V  [jvm.dll+0x985dc]
V  [jvm.dll+0x32e525]
V  [jvm.dll+0x2f78aa]
V  [jvm.dll+0x2f6c6a]
V  [jvm.dll+0x1ea645]
V  [jvm.dll+0x1e98ae]
V  [jvm.dll+0x1784c7]
V  [jvm.dll+0x1f9165]
V  [jvm.dll+0x1f720c]
V  [jvm.dll+0x74485d]
V  [jvm.dll+0x73d65a]
V  [jvm.dll+0x629c56]
C  [ucrtbase.dll+0x214c2]
C  [KERNEL32.DLL+0x17034]
C  [ntdll.dll+0x4d0d1]


---------------  P R O C E S S  ---------------

Threads class SMR info:
_java_thread_list=0x000001ed638c6680, length=14, elements={
0x000001ed42e978a0, 0x000001ed61967ad0, 0x000001ed619685b0, 0x000001ed61980b30,
0x000001ed619814f0, 0x000001ed619830d0, 0x000001ed61986190, 0x000001ed6198ed60,
0x000001ed61992b60, 0x000001ed624d7c20, 0x000001ed62504240, 0x000001ed62a7cd60,
0x000001ed62a7d230, 0x000001ed635a9480
}

Java Threads: ( => current thread )
  0x000001ed42e978a0 JavaThread "main" [_thread_in_vm, id=29032, stack(0x000000eac6f00000,0x000000eac7000000)]
  0x000001ed61967ad0 JavaThread "Reference Handler" daemon [_thread_blocked, id=7008, stack(0x000000eac7600000,0x000000eac7700000)]
  0x000001ed619685b0 JavaThread "Finalizer" daemon [_thread_blocked, id=16396, stack(0x000000eac7700000,0x000000eac7800000)]
  0x000001ed61980b30 JavaThread "Signal Dispatcher" daemon [_thread_blocked, id=17608, stack(0x000000eac7800000,0x000000eac7900000)]
  0x000001ed619814f0 JavaThread "Attach Listener" daemon [_thread_blocked, id=27708, stack(0x000000eac7900000,0x000000eac7a00000)]
  0x000001ed619830d0 JavaThread "Service Thread" daemon [_thread_blocked, id=15528, stack(0x000000eac7a00000,0x000000eac7b00000)]
  0x000001ed61986190 JavaThread "C2 CompilerThread0" daemon [_thread_in_native, id=14844, stack(0x000000eac7b00000,0x000000eac7c00000)]
  0x000001ed6198ed60 JavaThread "C1 CompilerThread0" daemon [_thread_blocked, id=24632, stack(0x000000eac7c00000,0x000000eac7d00000)]
  0x000001ed61992b60 JavaThread "Sweeper thread" daemon [_thread_blocked, id=4884, stack(0x000000eac7d00000,0x000000eac7e00000)]
  0x000001ed624d7c20 JavaThread "Common-Cleaner" daemon [_thread_blocked, id=17532, stack(0x000000eac7e00000,0x000000eac7f00000)]
=>0x000001ed62504240 JavaThread "C2 CompilerThread1" daemon [_thread_in_native, id=26932, stack(0x000000eac7f00000,0x000000eac8000000)]
  0x000001ed62a7cd60 JavaThread "Monitor Ctrl-Break" daemon [_thread_in_native, id=25120, stack(0x000000eac8000000,0x000000eac8100000)]
  0x000001ed62a7d230 JavaThread "Notification Thread" daemon [_thread_blocked, id=26428, stack(0x000000eac8100000,0x000000eac8200000)]
  0x000001ed635a9480 JavaThread "background-preinit" [_thread_in_Java, id=20544, stack(0x000000eac8600000,0x000000eac8700000)]

Other Threads:
  0x000001ed61964330 VMThread "VM Thread" [stack: 0x000000eac7500000,0x000000eac7600000] [id=1172]
  0x000001ed62a85f30 WatcherThread [stack: 0x000000eac8200000,0x000000eac8300000] [id=19708]
  0x000001ed42ed7510 GCTaskThread "GC Thread#0" [stack: 0x000000eac7000000,0x000000eac7100000] [id=17140]
  0x000001ed62ac47d0 GCTaskThread "GC Thread#1" [stack: 0x000000eac8300000,0x000000eac8400000] [id=18856]
  0x000001ed62ac67b0 GCTaskThread "GC Thread#2" [stack: 0x000000eac8400000,0x000000eac8500000] [id=25460]
  0x000001ed62ac5af0 GCTaskThread "GC Thread#3" [stack: 0x000000eac8700000,0x000000eac8800000] [id=19672]
  0x000001ed42ee9280 ConcurrentGCThread "G1 Main Marker" [stack: 0x000000eac7100000,0x000000eac7200000] [id=21428]
  0x000001ed42ee9d80 ConcurrentGCThread "G1 Conc#0" [stack: 0x000000eac7200000,0x000000eac7300000] [id=27856]
  0x000001ed42f57c30 ConcurrentGCThread "G1 Refine#0" [stack: 0x000000eac7300000,0x000000eac7400000] [id=15396]
  0x000001ed6364d250 ConcurrentGCThread "G1 Refine#1" [stack: 0x000000eac8500000,0x000000eac8600000] [id=22864]
  0x000001ed42f59490 ConcurrentGCThread "G1 Young RemSet Sampling" [stack: 0x000000eac7400000,0x000000eac7500000] [id=4168]

Threads with active compile tasks:
C2 CompilerThread0     1501 1666       4       jdk.internal.org.objectweb.asm.Frame::execute (2305 bytes)
C2 CompilerThread1     1501 1623       4       sun.util.locale.BaseLocale::getInstance (186 bytes)

VM state: not at safepoint (normal execution)

VM Mutex/Monitor currently owned by a thread: None

Heap address: 0x0000000081800000, size: 2024 MB, Compressed Oops mode: 32-bit
CDS archive(s) mapped at: [0x0000000800000000-0x0000000800b50000-0x0000000800b50000), size 11862016, SharedBaseAddress: 0x0000000800000000, ArchiveRelocationMode: 0.
Compressed class space mapped at: 0x0000000800b50000-0x0000000840b50000, size: 1073741824
Narrow klass base: 0x0000000800000000, Narrow klass shift: 3, Narrow klass range: 0x100000000

GC Precious Log:
 CPUs: 8 total, 8 available
 Memory: 8089M
 Large Page Support: Disabled
 NUMA Support: Disabled
 Compressed Oops: Enabled (32-bit)
 Heap Region Size: 1M
 Heap Min Capacity: 8M
 Heap Initial Capacity: 128M
 Heap Max Capacity: 2024M
 Pre-touch: Disabled
 Parallel Workers: 8
 Concurrent Workers: 2
 Concurrent Refinement Workers: 8
 Periodic GC: Disabled

Heap:
 garbage-first heap   total 131072K, used 18665K [0x0000000081800000, 0x0000000100000000)
  region size 1024K, 10 young (10240K), 2 survivors (2048K)
 Metaspace       used 13347K, capacity 13545K, committed 13696K, reserved 1060864K
  class space    used 1565K, capacity 1627K, committed 1664K, reserved 1048576K

Heap Regions: E=young(eden), S=young(survivor), O=old, HS=humongous(starts), HC=humongous(continues), CS=collection set, F=free, OA=open archive, CA=closed archive, TAMS=top-at-mark-start (previous, next)
|   0|0x0000000081800000, 0x0000000081900000, 0x0000000081900000|100%|HS|  |TAMS 0x0000000081800000, 0x0000000081800000| Complete 
|   1|0x0000000081900000, 0x0000000081a00000, 0x0000000081a00000|100%|HS|  |TAMS 0x0000000081900000, 0x0000000081900000| Complete 
|   2|0x0000000081a00000, 0x0000000081b00000, 0x0000000081b00000|100%| O|  |TAMS 0x0000000081a00000, 0x0000000081a00000| Untracked 
|   3|0x0000000081b00000, 0x0000000081c00000, 0x0000000081c00000|100%| O|  |TAMS 0x0000000081b00000, 0x0000000081b00000| Untracked 
|   4|0x0000000081c00000, 0x0000000081d00000, 0x0000000081d00000|100%| O|  |TAMS 0x0000000081c00000, 0x0000000081c00000| Untracked 
|   5|0x0000000081d00000, 0x0000000081e00000, 0x0000000081e00000|100%| O|  |TAMS 0x0000000081d00000, 0x0000000081d00000| Untracked 
|   6|0x0000000081e00000, 0x0000000081f00000, 0x0000000081f00000|100%| O|  |TAMS 0x0000000081e00000, 0x0000000081e00000| Untracked 
|   7|0x0000000081f00000, 0x0000000082000000, 0x0000000082000000|100%| O|  |TAMS 0x0000000081f00000, 0x0000000081f00000| Untracked 
|   8|0x0000000082000000, 0x0000000082100000, 0x0000000082100000|100%| O|  |TAMS 0x0000000082000000, 0x0000000082000000| Untracked 
|   9|0x0000000082100000, 0x00000000821aa800, 0x0000000082200000| 66%| O|  |TAMS 0x0000000082100000, 0x0000000082100000| Untracked 
|  10|0x0000000082200000, 0x0000000082200000, 0x0000000082300000|  0%| F|  |TAMS 0x0000000082200000, 0x0000000082200000| Untracked 
|  11|0x0000000082300000, 0x0000000082300000, 0x0000000082400000|  0%| F|  |TAMS 0x0000000082300000, 0x0000000082300000| Untracked 
|  12|0x0000000082400000, 0x0000000082400000, 0x0000000082500000|  0%| F|  |TAMS 0x0000000082400000, 0x0000000082400000| Untracked 
|  13|0x0000000082500000, 0x0000000082500000, 0x0000000082600000|  0%| F|  |TAMS 0x0000000082500000, 0x0000000082500000| Untracked 
|  14|0x0000000082600000, 0x0000000082600000, 0x0000000082700000|  0%| F|  |TAMS 0x0000000082600000, 0x0000000082600000| Untracked 
|  15|0x0000000082700000, 0x0000000082700000, 0x0000000082800000|  0%| F|  |TAMS 0x0000000082700000, 0x0000000082700000| Untracked 
|  16|0x0000000082800000, 0x0000000082800000, 0x0000000082900000|  0%| F|  |TAMS 0x0000000082800000, 0x0000000082800000| Untracked 
|  17|0x0000000082900000, 0x0000000082900000, 0x0000000082a00000|  0%| F|  |TAMS 0x0000000082900000, 0x0000000082900000| Untracked 
|  18|0x0000000082a00000, 0x0000000082a00000, 0x0000000082b00000|  0%| F|  |TAMS 0x0000000082a00000, 0x0000000082a00000| Untracked 
|  19|0x0000000082b00000, 0x0000000082b00000, 0x0000000082c00000|  0%| F|  |TAMS 0x0000000082b00000, 0x0000000082b00000| Untracked 
|  20|0x0000000082c00000, 0x0000000082c00000, 0x0000000082d00000|  0%| F|  |TAMS 0x0000000082c00000, 0x0000000082c00000| Untracked 
|  21|0x0000000082d00000, 0x0000000082d00000, 0x0000000082e00000|  0%| F|  |TAMS 0x0000000082d00000, 0x0000000082d00000| Untracked 
|  22|0x0000000082e00000, 0x0000000082e00000, 0x0000000082f00000|  0%| F|  |TAMS 0x0000000082e00000, 0x0000000082e00000| Untracked 
|  23|0x0000000082f00000, 0x0000000082f00000, 0x0000000083000000|  0%| F|  |TAMS 0x0000000082f00000, 0x0000000082f00000| Untracked 
|  24|0x0000000083000000, 0x0000000083000000, 0x0000000083100000|  0%| F|  |TAMS 0x0000000083000000, 0x0000000083000000| Untracked 
|  25|0x0000000083100000, 0x0000000083100000, 0x0000000083200000|  0%| F|  |TAMS 0x0000000083100000, 0x0000000083100000| Untracked 
|  26|0x0000000083200000, 0x0000000083200000, 0x0000000083300000|  0%| F|  |TAMS 0x0000000083200000, 0x0000000083200000| Untracked 
|  27|0x0000000083300000, 0x0000000083300000, 0x0000000083400000|  0%| F|  |TAMS 0x0000000083300000, 0x0000000083300000| Untracked 
|  28|0x0000000083400000, 0x0000000083400000, 0x0000000083500000|  0%| F|  |TAMS 0x0000000083400000, 0x0000000083400000| Untracked 
|  29|0x0000000083500000, 0x0000000083500000, 0x0000000083600000|  0%| F|  |TAMS 0x0000000083500000, 0x0000000083500000| Untracked 
|  30|0x0000000083600000, 0x0000000083600000, 0x0000000083700000|  0%| F|  |TAMS 0x0000000083600000, 0x0000000083600000| Untracked 
|  31|0x0000000083700000, 0x0000000083700000, 0x0000000083800000|  0%| F|  |TAMS 0x0000000083700000, 0x0000000083700000| Untracked 
|  32|0x0000000083800000, 0x0000000083800000, 0x0000000083900000|  0%| F|  |TAMS 0x0000000083800000, 0x0000000083800000| Untracked 
|  33|0x0000000083900000, 0x0000000083900000, 0x0000000083a00000|  0%| F|  |TAMS 0x0000000083900000, 0x0000000083900000| Untracked 
|  34|0x0000000083a00000, 0x0000000083a00000, 0x0000000083b00000|  0%| F|  |TAMS 0x0000000083a00000, 0x0000000083a00000| Untracked 
|  35|0x0000000083b00000, 0x0000000083b00000, 0x0000000083c00000|  0%| F|  |TAMS 0x0000000083b00000, 0x0000000083b00000| Untracked 
|  36|0x0000000083c00000, 0x0000000083c00000, 0x0000000083d00000|  0%| F|  |TAMS 0x0000000083c00000, 0x0000000083c00000| Untracked 
|  37|0x0000000083d00000, 0x0000000083d00000, 0x0000000083e00000|  0%| F|  |TAMS 0x0000000083d00000, 0x0000000083d00000| Untracked 
|  38|0x0000000083e00000, 0x0000000083e00000, 0x0000000083f00000|  0%| F|  |TAMS 0x0000000083e00000, 0x0000000083e00000| Untracked 
|  39|0x0000000083f00000, 0x0000000083f00000, 0x0000000084000000|  0%| F|  |TAMS 0x0000000083f00000, 0x0000000083f00000| Untracked 
|  40|0x0000000084000000, 0x0000000084000000, 0x0000000084100000|  0%| F|  |TAMS 0x0000000084000000, 0x0000000084000000| Untracked 
|  41|0x0000000084100000, 0x0000000084100000, 0x0000000084200000|  0%| F|  |TAMS 0x0000000084100000, 0x0000000084100000| Untracked 
|  42|0x0000000084200000, 0x0000000084200000, 0x0000000084300000|  0%| F|  |TAMS 0x0000000084200000, 0x0000000084200000| Untracked 
|  43|0x0000000084300000, 0x0000000084300000, 0x0000000084400000|  0%| F|  |TAMS 0x0000000084300000, 0x0000000084300000| Untracked 
|  44|0x0000000084400000, 0x0000000084400000, 0x0000000084500000|  0%| F|  |TAMS 0x0000000084400000, 0x0000000084400000| Untracked 
|  45|0x0000000084500000, 0x0000000084500000, 0x0000000084600000|  0%| F|  |TAMS 0x0000000084500000, 0x0000000084500000| Untracked 
|  46|0x0000000084600000, 0x0000000084600000, 0x0000000084700000|  0%| F|  |TAMS 0x0000000084600000, 0x0000000084600000| Untracked 
|  47|0x0000000084700000, 0x0000000084700000, 0x0000000084800000|  0%| F|  |TAMS 0x0000000084700000, 0x0000000084700000| Untracked 
|  48|0x0000000084800000, 0x0000000084800000, 0x0000000084900000|  0%| F|  |TAMS 0x0000000084800000, 0x0000000084800000| Untracked 
|  49|0x0000000084900000, 0x0000000084900000, 0x0000000084a00000|  0%| F|  |TAMS 0x0000000084900000, 0x0000000084900000| Untracked 
|  50|0x0000000084a00000, 0x0000000084a00000, 0x0000000084b00000|  0%| F|  |TAMS 0x0000000084a00000, 0x0000000084a00000| Untracked 
|  51|0x0000000084b00000, 0x0000000084b00000, 0x0000000084c00000|  0%| F|  |TAMS 0x0000000084b00000, 0x0000000084b00000| Untracked 
|  52|0x0000000084c00000, 0x0000000084c00000, 0x0000000084d00000|  0%| F|  |TAMS 0x0000000084c00000, 0x0000000084c00000| Untracked 
|  53|0x0000000084d00000, 0x0000000084d00000, 0x0000000084e00000|  0%| F|  |TAMS 0x0000000084d00000, 0x0000000084d00000| Untracked 
|  54|0x0000000084e00000, 0x0000000084e00000, 0x0000000084f00000|  0%| F|  |TAMS 0x0000000084e00000, 0x0000000084e00000| Untracked 
|  55|0x0000000084f00000, 0x0000000084f00000, 0x0000000085000000|  0%| F|  |TAMS 0x0000000084f00000, 0x0000000084f00000| Untracked 
|  56|0x0000000085000000, 0x0000000085000000, 0x0000000085100000|  0%| F|  |TAMS 0x0000000085000000, 0x0000000085000000| Untracked 
|  57|0x0000000085100000, 0x0000000085100000, 0x0000000085200000|  0%| F|  |TAMS 0x0000000085100000, 0x0000000085100000| Untracked 
|  58|0x0000000085200000, 0x0000000085200000, 0x0000000085300000|  0%| F|  |TAMS 0x0000000085200000, 0x0000000085200000| Untracked 
|  59|0x0000000085300000, 0x0000000085300000, 0x0000000085400000|  0%| F|  |TAMS 0x0000000085300000, 0x0000000085300000| Untracked 
|  60|0x0000000085400000, 0x0000000085400000, 0x0000000085500000|  0%| F|  |TAMS 0x0000000085400000, 0x0000000085400000| Untracked 
|  61|0x0000000085500000, 0x0000000085500000, 0x0000000085600000|  0%| F|  |TAMS 0x0000000085500000, 0x0000000085500000| Untracked 
|  62|0x0000000085600000, 0x0000000085600000, 0x0000000085700000|  0%| F|  |TAMS 0x0000000085600000, 0x0000000085600000| Untracked 
|  63|0x0000000085700000, 0x0000000085700000, 0x0000000085800000|  0%| F|  |TAMS 0x0000000085700000, 0x0000000085700000| Untracked 
|  64|0x0000000085800000, 0x0000000085800000, 0x0000000085900000|  0%| F|  |TAMS 0x0000000085800000, 0x0000000085800000| Untracked 
|  65|0x0000000085900000, 0x0000000085900000, 0x0000000085a00000|  0%| F|  |TAMS 0x0000000085900000, 0x0000000085900000| Untracked 
|  66|0x0000000085a00000, 0x0000000085a00000, 0x0000000085b00000|  0%| F|  |TAMS 0x0000000085a00000, 0x0000000085a00000| Untracked 
|  67|0x0000000085b00000, 0x0000000085b00000, 0x0000000085c00000|  0%| F|  |TAMS 0x0000000085b00000, 0x0000000085b00000| Untracked 
|  68|0x0000000085c00000, 0x0000000085c00000, 0x0000000085d00000|  0%| F|  |TAMS 0x0000000085c00000, 0x0000000085c00000| Untracked 
|  69|0x0000000085d00000, 0x0000000085d00000, 0x0000000085e00000|  0%| F|  |TAMS 0x0000000085d00000, 0x0000000085d00000| Untracked 
|  70|0x0000000085e00000, 0x0000000085e00000, 0x0000000085f00000|  0%| F|  |TAMS 0x0000000085e00000, 0x0000000085e00000| Untracked 
|  71|0x0000000085f00000, 0x0000000085f00000, 0x0000000086000000|  0%| F|  |TAMS 0x0000000085f00000, 0x0000000085f00000| Untracked 
|  72|0x0000000086000000, 0x0000000086000000, 0x0000000086100000|  0%| F|  |TAMS 0x0000000086000000, 0x0000000086000000| Untracked 
|  73|0x0000000086100000, 0x0000000086100000, 0x0000000086200000|  0%| F|  |TAMS 0x0000000086100000, 0x0000000086100000| Untracked 
|  74|0x0000000086200000, 0x0000000086200000, 0x0000000086300000|  0%| F|  |TAMS 0x0000000086200000, 0x0000000086200000| Untracked 
|  75|0x0000000086300000, 0x0000000086300000, 0x0000000086400000|  0%| F|  |TAMS 0x0000000086300000, 0x0000000086300000| Untracked 
|  76|0x0000000086400000, 0x0000000086400000, 0x0000000086500000|  0%| F|  |TAMS 0x0000000086400000, 0x0000000086400000| Untracked 
|  77|0x0000000086500000, 0x0000000086500000, 0x0000000086600000|  0%| F|  |TAMS 0x0000000086500000, 0x0000000086500000| Untracked 
|  78|0x0000000086600000, 0x0000000086600000, 0x0000000086700000|  0%| F|  |TAMS 0x0000000086600000, 0x0000000086600000| Untracked 
|  79|0x0000000086700000, 0x0000000086700000, 0x0000000086800000|  0%| F|  |TAMS 0x0000000086700000, 0x0000000086700000| Untracked 
|  80|0x0000000086800000, 0x0000000086800000, 0x0000000086900000|  0%| F|  |TAMS 0x0000000086800000, 0x0000000086800000| Untracked 
|  81|0x0000000086900000, 0x0000000086900000, 0x0000000086a00000|  0%| F|  |TAMS 0x0000000086900000, 0x0000000086900000| Untracked 
|  82|0x0000000086a00000, 0x0000000086a00000, 0x0000000086b00000|  0%| F|  |TAMS 0x0000000086a00000, 0x0000000086a00000| Untracked 
|  83|0x0000000086b00000, 0x0000000086b00000, 0x0000000086c00000|  0%| F|  |TAMS 0x0000000086b00000, 0x0000000086b00000| Untracked 
|  84|0x0000000086c00000, 0x0000000086c00000, 0x0000000086d00000|  0%| F|  |TAMS 0x0000000086c00000, 0x0000000086c00000| Untracked 
|  85|0x0000000086d00000, 0x0000000086d00000, 0x0000000086e00000|  0%| F|  |TAMS 0x0000000086d00000, 0x0000000086d00000| Untracked 
|  86|0x0000000086e00000, 0x0000000086e00000, 0x0000000086f00000|  0%| F|  |TAMS 0x0000000086e00000, 0x0000000086e00000| Untracked 
|  87|0x0000000086f00000, 0x0000000086f00000, 0x0000000087000000|  0%| F|  |TAMS 0x0000000086f00000, 0x0000000086f00000| Untracked 
|  88|0x0000000087000000, 0x0000000087000000, 0x0000000087100000|  0%| F|  |TAMS 0x0000000087000000, 0x0000000087000000| Untracked 
|  89|0x0000000087100000, 0x0000000087100000, 0x0000000087200000|  0%| F|  |TAMS 0x0000000087100000, 0x0000000087100000| Untracked 
|  90|0x0000000087200000, 0x0000000087200000, 0x0000000087300000|  0%| F|  |TAMS 0x0000000087200000, 0x0000000087200000| Untracked 
|  91|0x0000000087300000, 0x0000000087300000, 0x0000000087400000|  0%| F|  |TAMS 0x0000000087300000, 0x0000000087300000| Untracked 
|  92|0x0000000087400000, 0x0000000087400000, 0x0000000087500000|  0%| F|  |TAMS 0x0000000087400000, 0x0000000087400000| Untracked 
|  93|0x0000000087500000, 0x0000000087500000, 0x0000000087600000|  0%| F|  |TAMS 0x0000000087500000, 0x0000000087500000| Untracked 
|  94|0x0000000087600000, 0x0000000087600000, 0x0000000087700000|  0%| F|  |TAMS 0x0000000087600000, 0x0000000087600000| Untracked 
|  95|0x0000000087700000, 0x0000000087700000, 0x0000000087800000|  0%| F|  |TAMS 0x0000000087700000, 0x0000000087700000| Untracked 
|  96|0x0000000087800000, 0x0000000087800000, 0x0000000087900000|  0%| F|  |TAMS 0x0000000087800000, 0x0000000087800000| Untracked 
|  97|0x0000000087900000, 0x0000000087900000, 0x0000000087a00000|  0%| F|  |TAMS 0x0000000087900000, 0x0000000087900000| Untracked 
|  98|0x0000000087a00000, 0x0000000087a00000, 0x0000000087b00000|  0%| F|  |TAMS 0x0000000087a00000, 0x0000000087a00000| Untracked 
|  99|0x0000000087b00000, 0x0000000087b00000, 0x0000000087c00000|  0%| F|  |TAMS 0x0000000087b00000, 0x0000000087b00000| Untracked 
| 100|0x0000000087c00000, 0x0000000087c00000, 0x0000000087d00000|  0%| F|  |TAMS 0x0000000087c00000, 0x0000000087c00000| Untracked 
| 101|0x0000000087d00000, 0x0000000087d00000, 0x0000000087e00000|  0%| F|  |TAMS 0x0000000087d00000, 0x0000000087d00000| Untracked 
| 102|0x0000000087e00000, 0x0000000087e00000, 0x0000000087f00000|  0%| F|  |TAMS 0x0000000087e00000, 0x0000000087e00000| Untracked 
| 103|0x0000000087f00000, 0x0000000087f00000, 0x0000000088000000|  0%| F|  |TAMS 0x0000000087f00000, 0x0000000087f00000| Untracked 
| 104|0x0000000088000000, 0x0000000088000000, 0x0000000088100000|  0%| F|  |TAMS 0x0000000088000000, 0x0000000088000000| Untracked 
| 105|0x0000000088100000, 0x000000008818ff78, 0x0000000088200000| 56%| S|CS|TAMS 0x0000000088100000, 0x0000000088100000| Complete 
| 106|0x0000000088200000, 0x0000000088300000, 0x0000000088300000|100%| S|CS|TAMS 0x0000000088200000, 0x0000000088200000| Complete 
| 107|0x0000000088300000, 0x0000000088300000, 0x0000000088400000|  0%| F|  |TAMS 0x0000000088300000, 0x0000000088300000| Untracked 
| 108|0x0000000088400000, 0x0000000088400000, 0x0000000088500000|  0%| F|  |TAMS 0x0000000088400000, 0x0000000088400000| Untracked 
| 109|0x0000000088500000, 0x0000000088500000, 0x0000000088600000|  0%| F|  |TAMS 0x0000000088500000, 0x0000000088500000| Untracked 
| 110|0x0000000088600000, 0x0000000088600000, 0x0000000088700000|  0%| F|  |TAMS 0x0000000088600000, 0x0000000088600000| Untracked 
| 111|0x0000000088700000, 0x0000000088700000, 0x0000000088800000|  0%| F|  |TAMS 0x0000000088700000, 0x0000000088700000| Untracked 
| 112|0x0000000088800000, 0x0000000088800000, 0x0000000088900000|  0%| F|  |TAMS 0x0000000088800000, 0x0000000088800000| Untracked 
| 113|0x0000000088900000, 0x0000000088900000, 0x0000000088a00000|  0%| F|  |TAMS 0x0000000088900000, 0x0000000088900000| Untracked 
| 114|0x0000000088a00000, 0x0000000088a00000, 0x0000000088b00000|  0%| F|  |TAMS 0x0000000088a00000, 0x0000000088a00000| Untracked 
| 115|0x0000000088b00000, 0x0000000088b00000, 0x0000000088c00000|  0%| F|  |TAMS 0x0000000088b00000, 0x0000000088b00000| Untracked 
| 116|0x0000000088c00000, 0x0000000088c00000, 0x0000000088d00000|  0%| F|  |TAMS 0x0000000088c00000, 0x0000000088c00000| Untracked 
| 117|0x0000000088d00000, 0x0000000088d00000, 0x0000000088e00000|  0%| F|  |TAMS 0x0000000088d00000, 0x0000000088d00000| Untracked 
| 118|0x0000000088e00000, 0x0000000088e00000, 0x0000000088f00000|  0%| F|  |TAMS 0x0000000088e00000, 0x0000000088e00000| Untracked 
| 119|0x0000000088f00000, 0x0000000088f00000, 0x0000000089000000|  0%| F|  |TAMS 0x0000000088f00000, 0x0000000088f00000| Untracked 
| 120|0x0000000089000000, 0x0000000089100000, 0x0000000089100000|100%| E|  |TAMS 0x0000000089000000, 0x0000000089000000| Complete 
| 121|0x0000000089100000, 0x0000000089200000, 0x0000000089200000|100%| E|CS|TAMS 0x0000000089100000, 0x0000000089100000| Complete 
| 122|0x0000000089200000, 0x0000000089300000, 0x0000000089300000|100%| E|CS|TAMS 0x0000000089200000, 0x0000000089200000| Complete 
| 123|0x0000000089300000, 0x0000000089400000, 0x0000000089400000|100%| E|CS|TAMS 0x0000000089300000, 0x0000000089300000| Complete 
| 124|0x0000000089400000, 0x0000000089500000, 0x0000000089500000|100%| E|CS|TAMS 0x0000000089400000, 0x0000000089400000| Complete 
| 125|0x0000000089500000, 0x0000000089600000, 0x0000000089600000|100%| E|CS|TAMS 0x0000000089500000, 0x0000000089500000| Complete 
| 126|0x0000000089600000, 0x0000000089700000, 0x0000000089700000|100%| E|CS|TAMS 0x0000000089600000, 0x0000000089600000| Complete 
| 127|0x0000000089700000, 0x0000000089800000, 0x0000000089800000|100%| E|CS|TAMS 0x0000000089700000, 0x0000000089700000| Complete 

Card table byte_map: [0x000001ed5a7f0000,0x000001ed5abf0000] _byte_map_base: 0x000001ed5a3e4000

Marking Bits (Prev, Next): (CMBitMap*) 0x000001ed42ed8c20, (CMBitMap*) 0x000001ed42ed8c60
 Prev Bits: [0x000001ed5aff0000, 0x000001ed5cf90000)
 Next Bits: [0x000001ed5cf90000, 0x000001ed5ef30000)

Polling page: 0x000001ed40de0000

Metaspace:

Usage:
  Non-class:     11.76 MB capacity,    11.64 MB ( 99%) used,   109.88 KB ( <1%) free+waste,    18.06 KB ( <1%) overhead. 
      Class:      1.62 MB capacity,     1.55 MB ( 96%) used,    66.27 KB (  4%) free+waste,     7.44 KB ( <1%) overhead. 
       Both:     13.38 MB capacity,    13.19 MB ( 99%) used,   176.14 KB (  1%) free+waste,    25.50 KB ( <1%) overhead. 

Virtual space:
  Non-class space:       12.00 MB reserved,      12.00 MB (100%) committed 
      Class space:        1.00 GB reserved,       1.62 MB ( <1%) committed 
             Both:        1.01 GB reserved,      13.62 MB (  1%) committed 

Chunk freelists:
   Non-Class:  50.00 KB
       Class:  5.00 KB
        Both:  55.00 KB

MaxMetaspaceSize: 17179869184.00 GB
CompressedClassSpaceSize: 1.00 GB

CodeHeap 'non-profiled nmethods': size=120000Kb used=656Kb max_used=656Kb free=119343Kb
 bounds [0x000001ed52b90000, 0x000001ed52e00000, 0x000001ed5a0c0000]
CodeHeap 'profiled nmethods': size=120000Kb used=3218Kb max_used=3218Kb free=116781Kb
 bounds [0x000001ed4b660000, 0x000001ed4b990000, 0x000001ed52b90000]
CodeHeap 'non-nmethods': size=5760Kb used=1201Kb max_used=1241Kb free=4559Kb
 bounds [0x000001ed4b0c0000, 0x000001ed4b330000, 0x000001ed4b660000]
 total_blobs=2175 nmethods=1714 adapters=373
 compilation: enabled
              stopped_count=0, restarted_count=0
 full_count=0

Compilation events (20 events):
Event: 1.463 Thread 0x000001ed6198ed60 1688       3       java.util.ArrayList::contains (14 bytes)
Event: 1.463 Thread 0x000001ed6198ed60 nmethod 1688 0x000001ed4b977d90 code [0x000001ed4b977f40, 0x000001ed4b978148]
Event: 1.463 Thread 0x000001ed6198ed60 1689       3       java.util.ArrayList::indexOf (11 bytes)
Event: 1.463 Thread 0x000001ed6198ed60 nmethod 1689 0x000001ed4b978210 code [0x000001ed4b9783c0, 0x000001ed4b978508]
Event: 1.463 Thread 0x000001ed6198ed60 1685       3       java.lang.Class::getInterfaces (49 bytes)
Event: 1.463 Thread 0x000001ed6198ed60 nmethod 1685 0x000001ed4b978590 code [0x000001ed4b978780, 0x000001ed4b978c58]
Event: 1.465 Thread 0x000001ed6198ed60 1691       3       java.util.ImmutableCollections$Set12::<init> (53 bytes)
Event: 1.465 Thread 0x000001ed6198ed60 nmethod 1691 0x000001ed4b978d90 code [0x000001ed4b979040, 0x000001ed4b979d28]
Event: 1.465 Thread 0x000001ed6198ed60 1692       3       java.lang.reflect.Constructor::setConstructorAccessor (21 bytes)
Event: 1.465 Thread 0x000001ed6198ed60 nmethod 1692 0x000001ed4b97a190 code [0x000001ed4b97a340, 0x000001ed4b97a628]
Event: 1.465 Thread 0x000001ed6198ed60 1693   !   3       java.lang.invoke.MethodHandle::setVarargs (25 bytes)
Event: 1.466 Thread 0x000001ed6198ed60 nmethod 1693 0x000001ed4b97a710 code [0x000001ed4b97a900, 0x000001ed4b97af98]
Event: 1.466 Thread 0x000001ed6198ed60 1694       3       java.lang.invoke.MemberName::isVarargs (23 bytes)
Event: 1.466 Thread 0x000001ed6198ed60 nmethod 1694 0x000001ed4b97b190 code [0x000001ed4b97b360, 0x000001ed4b97b7f8]
Event: 1.466 Thread 0x000001ed6198ed60 1695       3       java.lang.reflect.Constructor::newInstance (34 bytes)
Event: 1.466 Thread 0x000001ed6198ed60 nmethod 1695 0x000001ed4b97b990 code [0x000001ed4b97bb40, 0x000001ed4b97bd78]
Event: 1.467 Thread 0x000001ed6198ed60 1697       1       org.springframework.core.annotation.AnnotationTypeMapping::getAttributes (5 bytes)
Event: 1.467 Thread 0x000001ed6198ed60 nmethod 1697 0x000001ed52c32f90 code [0x000001ed52c33120, 0x000001ed52c331d8]
Event: 1.467 Thread 0x000001ed6198ed60 1698       3       java.lang.Byte::hashCode (8 bytes)
Event: 1.468 Thread 0x000001ed6198ed60 nmethod 1698 0x000001ed4b97be90 code [0x000001ed4b97c020, 0x000001ed4b97c178]

GC Heap History (4 events):
Event: 0.827 GC heap before
{Heap before GC invocations=0 (full 0):
 garbage-first heap   total 131072K, used 24576K [0x0000000081800000, 0x0000000100000000)
  region size 1024K, 23 young (23552K), 0 survivors (0K)
 Metaspace       used 5936K, capacity 7333K, committed 7552K, reserved 1056768K
  class space    used 650K, capacity 777K, committed 896K, reserved 1048576K
}
Event: 0.835 GC heap after
{Heap after GC invocations=1 (full 0):
 garbage-first heap   total 131072K, used 9909K [0x0000000081800000, 0x0000000100000000)
  region size 1024K, 3 young (3072K), 3 survivors (3072K)
 Metaspace       used 5936K, capacity 7333K, committed 7552K, reserved 1056768K
  class space    used 650K, capacity 777K, committed 896K, reserved 1048576K
}
Event: 1.414 GC heap before
{Heap before GC invocations=1 (full 0):
 garbage-first heap   total 131072K, used 31413K [0x0000000081800000, 0x0000000100000000)
  region size 1024K, 24 young (24576K), 3 survivors (3072K)
 Metaspace       used 11370K, capacity 11731K, committed 12032K, reserved 1060864K
  class space    used 1335K, capacity 1434K, committed 1536K, reserved 1048576K
}
Event: 1.419 GC heap after
{Heap after GC invocations=2 (full 0):
 garbage-first heap   total 131072K, used 11497K [0x0000000081800000, 0x0000000100000000)
  region size 1024K, 2 young (2048K), 2 survivors (2048K)
 Metaspace       used 11370K, capacity 11731K, committed 12032K, reserved 1060864K
  class space    used 1335K, capacity 1434K, committed 1536K, reserved 1048576K
}

Deoptimization events (20 events):
Event: 0.951 Thread 0x000001ed42e978a0 Uncommon trap: trap_request=0xffffffde fr.pc=0x000001ed52c004cc relative=0x000000000000012c
Event: 0.951 Thread 0x000001ed42e978a0 Uncommon trap: reason=class_check action=maybe_recompile pc=0x000001ed52c004cc method=jdk.internal.misc.Unsafe.allocateUninitializedArray(Ljava/lang/Class;I)Ljava/lang/Object; @ 51 c2
Event: 0.951 Thread 0x000001ed42e978a0 DEOPT PACKING pc=0x000001ed52c004cc sp=0x000000eac6ffa5d0
Event: 0.951 Thread 0x000001ed42e978a0 DEOPT UNPACKING pc=0x000001ed4b10e42f sp=0x000000eac6ffa558 mode 2
Event: 0.952 Thread 0x000001ed42e978a0 Uncommon trap: trap_request=0xffffffde fr.pc=0x000001ed52c004cc relative=0x000000000000012c
Event: 0.952 Thread 0x000001ed42e978a0 Uncommon trap: reason=class_check action=maybe_recompile pc=0x000001ed52c004cc method=jdk.internal.misc.Unsafe.allocateUninitializedArray(Ljava/lang/Class;I)Ljava/lang/Object; @ 51 c2
Event: 0.952 Thread 0x000001ed42e978a0 DEOPT PACKING pc=0x000001ed52c004cc sp=0x000000eac6ffa1e0
Event: 0.952 Thread 0x000001ed42e978a0 DEOPT UNPACKING pc=0x000001ed4b10e42f sp=0x000000eac6ffa168 mode 2
Event: 1.117 Thread 0x000001ed42e978a0 Uncommon trap: trap_request=0xffffff45 fr.pc=0x000001ed52bfcf5c relative=0x0000000000000fbc
Event: 1.117 Thread 0x000001ed42e978a0 Uncommon trap: reason=unstable_if action=reinterpret pc=0x000001ed52bfcf5c method=java.util.concurrent.ConcurrentHashMap.putVal(Ljava/lang/Object;Ljava/lang/Object;Z)Ljava/lang/Object; @ 148 c2
Event: 1.117 Thread 0x000001ed42e978a0 DEOPT PACKING pc=0x000001ed52bfcf5c sp=0x000000eac6ffe730
Event: 1.117 Thread 0x000001ed42e978a0 DEOPT UNPACKING pc=0x000001ed4b10e42f sp=0x000000eac6ffe6b0 mode 2
Event: 1.406 Thread 0x000001ed42e978a0 Uncommon trap: trap_request=0xffffff45 fr.pc=0x000001ed52be1370 relative=0x00000000000004b0
Event: 1.406 Thread 0x000001ed42e978a0 Uncommon trap: reason=unstable_if action=reinterpret pc=0x000001ed52be1370 method=java.util.HashMap.hash(Ljava/lang/Object;)I @ 1 c2
Event: 1.406 Thread 0x000001ed42e978a0 DEOPT PACKING pc=0x000001ed52be1370 sp=0x000000eac6ffe9b0
Event: 1.406 Thread 0x000001ed42e978a0 DEOPT UNPACKING pc=0x000001ed4b10e42f sp=0x000000eac6ffe848 mode 2
Event: 1.407 Thread 0x000001ed42e978a0 Uncommon trap: trap_request=0xffffff45 fr.pc=0x000001ed52bdcbc0 relative=0x0000000000000480
Event: 1.407 Thread 0x000001ed42e978a0 Uncommon trap: reason=unstable_if action=reinterpret pc=0x000001ed52bdcbc0 method=java.util.HashMap.hash(Ljava/lang/Object;)I @ 1 c2
Event: 1.407 Thread 0x000001ed42e978a0 DEOPT PACKING pc=0x000001ed52bdcbc0 sp=0x000000eac6ffe970
Event: 1.407 Thread 0x000001ed42e978a0 DEOPT UNPACKING pc=0x000001ed4b10e42f sp=0x000000eac6ffe888 mode 2

Classes unloaded (0 events):
No events

Classes redefined (0 events):
No events

Internal exceptions (20 events):
Event: 0.873 Thread 0x000001ed42e978a0 Exception <a 'java/lang/IncompatibleClassChangeError'{0x00000000897ec6b0}: Found class java.lang.Object, but interface was expected> (0x00000000897ec6b0) 
thrown [./open/src/hotspot/share/interpreter/linkResolver.cpp, line 848]
Event: 0.891 Thread 0x000001ed42e978a0 Exception <a 'java/lang/NoSuchMethodError'{0x00000000896734a8}: 'int java.lang.invoke.DirectMethodHandle$Holder.invokeSpecial(java.lang.Object, java.lang.Object, java.lang.Object)'> (0x00000000896734a8) 
thrown [./open/src/hotspot/share/interpreter/linkResolver.cpp, line 782]
Event: 0.902 Thread 0x000001ed42e978a0 Exception <a 'java/lang/NoSuchMethodError'{0x00000000896b8248}: 'int java.lang.invoke.DirectMethodHandle$Holder.invokeSpecial(java.lang.Object, java.lang.Object, java.lang.Object, java.lang.Object)'> (0x00000000896b8248) 
thrown [./open/src/hotspot/share/interpreter/linkResolver.cpp, line 782]
Event: 0.942 Thread 0x000001ed42e978a0 Exception <a 'java/lang/NoSuchMethodError'{0x000000008942c3a8}: 'java.lang.Object java.lang.invoke.DirectMethodHandle$Holder.newInvokeSpecial(java.lang.Object, java.lang.Object, java.lang.Object, java.lang.Object, java.lang.Object, java.lang.Object)'> (0x000000008942c3a8) 
thrown [./open/src/hotspot/share/interpreter/linkResolver.cpp, line 782]
Event: 0.964 Thread 0x000001ed42e978a0 Exception <a 'java/lang/NoSuchMethodError'{0x00000000894e5110}: 'java.lang.Object java.lang.invoke.DirectMethodHandle$Holder.invokeSpecial(java.lang.Object, java.lang.Object, java.lang.Object, java.lang.Object, java.lang.Object, java.lang.Object, int)'> (0x00000000894e5110) 
thrown [./open/src/hotspot/share/interpreter/linkResolver.cpp, line 782]
Event: 0.964 Thread 0x000001ed42e978a0 Exception <a 'java/lang/NoSuchMethodError'{0x00000000894f0780}: 'java.lang.Object java.lang.invoke.DirectMethodHandle$Holder.newInvokeSpecial(java.lang.Object, java.lang.Object, java.lang.Object, java.lang.Object, java.lang.Object, java.lang.Object, int)'> (0x00000000894f0780) 
thrown [./open/src/hotspot/share/interpreter/linkResolver.cpp, line 782]
Event: 0.965 Thread 0x000001ed42e978a0 Exception <a 'java/lang/NoSuchMethodError'{0x00000000894f58c8}: 'java.lang.Object java.lang.invoke.DirectMethodHandle$Holder.invokeSpecial(java.lang.Object, java.lang.Object, java.lang.Object, java.lang.Object, java.lang.Object, java.lang.Object, java.lang.Object, int)'> (0x00000000894f58c8) 
thrown [./open/src/hotspot/share/interpreter/linkResolver.cpp, line 782]
Event: 1.060 Thread 0x000001ed42e978a0 Exception <a 'java/lang/NoSuchMethodError'{0x0000000089186fb0}: 'java.lang.Object java.lang.invoke.DirectMethodHandle$Holder.invokeInterface(java.lang.Object, java.lang.Object)'> (0x0000000089186fb0) 
thrown [./open/src/hotspot/share/interpreter/linkResolver.cpp, line 782]
Event: 1.064 Thread 0x000001ed42e978a0 Exception <a 'java/lang/NoSuchMethodError'{0x0000000089198988}: 'void java.lang.invoke.DirectMethodHandle$Holder.invokeInterface(java.lang.Object, java.lang.Object, java.lang.Object)'> (0x0000000089198988) 
thrown [./open/src/hotspot/share/interpreter/linkResolver.cpp, line 782]
Event: 1.087 Thread 0x000001ed42e978a0 Exception <a 'java/lang/NoSuchMethodError'{0x00000000890151b8}: 'void java.lang.invoke.DirectMethodHandle$Holder.invokeStaticInit(java.lang.Object, java.lang.Object)'> (0x00000000890151b8) 
thrown [./open/src/hotspot/share/interpreter/linkResolver.cpp, line 782]
Event: 1.090 Thread 0x000001ed42e978a0 Exception <a 'java/lang/NoSuchMethodError'{0x00000000890222f0}: 'void java.lang.invoke.DirectMethodHandle$Holder.invokeStaticInit(java.lang.Object, java.lang.Object, java.lang.Object)'> (0x00000000890222f0) 
thrown [./open/src/hotspot/share/interpreter/linkResolver.cpp, line 782]
Event: 1.102 Thread 0x000001ed42e978a0 Exception <a 'java/lang/NoSuchMethodError'{0x0000000089044bb8}: 'java.lang.Object java.lang.invoke.DirectMethodHandle$Holder.invokeStaticInit(java.lang.Object, java.lang.Object, java.lang.Object)'> (0x0000000089044bb8) 
thrown [./open/src/hotspot/share/interpreter/linkResolver.cpp, line 782]
Event: 1.191 Thread 0x000001ed42e978a0 Exception <a 'java/lang/NoSuchMethodError'{0x0000000088f01e48}: 'void java.lang.invoke.DirectMethodHandle$Holder.invokeVirtual(java.lang.Object, java.lang.Object, java.lang.Object, java.lang.Object)'> (0x0000000088f01e48) 
thrown [./open/src/hotspot/share/interpreter/linkResolver.cpp, line 782]
Event: 1.242 Thread 0x000001ed42e978a0 Exception <a 'java/lang/NoSuchMethodError'{0x0000000088eb98a0}: 'void java.lang.invoke.DirectMethodHandle$Holder.invokeSpecial(java.lang.Object, java.lang.Object, java.lang.Object, java.lang.Object, java.lang.Object)'> (0x0000000088eb98a0) 
thrown [./open/src/hotspot/share/interpreter/linkResolver.cpp, line 782]
Event: 1.271 Thread 0x000001ed635a9480 Exception <a 'java/lang/NoClassDefFoundError'{0x0000000088da1f78}: javax/validation/Validation> (0x0000000088da1f78) 
thrown [./open/src/hotspot/share/classfile/systemDictionary.cpp, line 284]
Event: 1.300 Thread 0x000001ed635a9480 Exception <a 'java/lang/NoSuchMethodError'{0x0000000088a0d800}: 'int java.lang.invoke.DirectMethodHandle$Holder.invokeInterface(java.lang.Object, java.lang.Object)'> (0x0000000088a0d800) 
thrown [./open/src/hotspot/share/interpreter/linkResolver.cpp, line 782]
Event: 1.322 Thread 0x000001ed635a9480 Exception <a 'java/lang/NoSuchMethodError'{0x0000000088a3eab0}: 'java.lang.Object java.lang.invoke.DirectMethodHandle$Holder.invokeStaticInit(java.lang.Object, java.lang.Object, java.lang.Object, java.lang.Object, java.lang.Object)'> (0x0000000088a3eab0) 
thrown [./open/src/hotspot/share/interpreter/linkResolver.cpp, line 782]
Event: 1.405 Thread 0x000001ed42e978a0 Exception <a 'java/lang/NoSuchMethodError'{0x0000000088492a98}: 'org.slf4j.impl.StaticMDCBinder org.slf4j.impl.StaticMDCBinder.getSingleton()'> (0x0000000088492a98) 
thrown [./open/src/hotspot/share/interpreter/linkResolver.cpp, line 782]
Event: 1.406 Thread 0x000001ed42e978a0 Implicit null exception at 0x000001ed52be0f0f to 0x000001ed52be1350
Event: 1.407 Thread 0x000001ed42e978a0 Implicit null exception at 0x000001ed52bdc78f to 0x000001ed52bdcba0

Events (20 events):
Event: 1.442 loading class jdk/internal/reflect/UTF8
Event: 1.442 loading class jdk/internal/reflect/UTF8 done
Event: 1.442 loading class jdk/internal/reflect/Label
Event: 1.442 loading class jdk/internal/reflect/Label done
Event: 1.442 loading class jdk/internal/reflect/Label$PatchInfo
Event: 1.443 loading class jdk/internal/reflect/Label$PatchInfo done
Event: 1.443 loading class jdk/internal/reflect/MethodAccessorGenerator$1
Event: 1.443 loading class jdk/internal/reflect/MethodAccessorGenerator$1 done
Event: 1.443 loading class jdk/internal/reflect/ClassDefiner
Event: 1.443 loading class jdk/internal/reflect/ClassDefiner done
Event: 1.443 loading class jdk/internal/reflect/ClassDefiner$1
Event: 1.443 loading class jdk/internal/reflect/ClassDefiner$1 done
Event: 1.443 loading class jdk/internal/reflect/BootstrapConstructorAccessorImpl
Event: 1.443 loading class jdk/internal/reflect/BootstrapConstructorAccessorImpl done
Event: 1.443 loading class java/lang/annotation/Repeatable
Event: 1.443 loading class java/lang/annotation/Repeatable done
Event: 1.447 loading class java/util/concurrent/atomic/AtomicReference
Event: 1.448 loading class java/util/concurrent/atomic/AtomicReference done
Event: 1.467 loading class java/util/RegularEnumSet$EnumSetIterator
Event: 1.467 loading class java/util/RegularEnumSet$EnumSetIterator done


Dynamic libraries:
0x00007ff6fed80000 - 0x00007ff6fed8f000 	C:\Program Files\Java\jdk-15.0.1\bin\java.exe
0x00007ffa01050000 - 0x00007ffa01246000 	C:\WINDOWS\SYSTEM32\ntdll.dll
0x00007ffa00470000 - 0x00007ffa0052d000 	C:\WINDOWS\System32\KERNEL32.DLL
0x00007ff9fec20000 - 0x00007ff9feee9000 	C:\WINDOWS\System32\KERNELBASE.dll
0x00007ff9fe9e0000 - 0x00007ff9feae0000 	C:\WINDOWS\System32\ucrtbase.dll
0x00007ff9f9b20000 - 0x00007ff9f9b38000 	C:\Program Files\Java\jdk-15.0.1\bin\jli.dll
0x00007ff9ee820000 - 0x00007ff9ee839000 	C:\Program Files\Java\jdk-15.0.1\bin\VCRUNTIME140.dll
0x00007ffa005d0000 - 0x00007ffa0067c000 	C:\WINDOWS\System32\ADVAPI32.dll
0x00007ffa00530000 - 0x00007ffa005ce000 	C:\WINDOWS\System32\msvcrt.dll
0x00007ff9ff800000 - 0x00007ff9ff89c000 	C:\WINDOWS\System32\sechost.dll
0x00007ff9ffe70000 - 0x00007ff9fff9b000 	C:\WINDOWS\System32\RPCRT4.dll
0x00007ffa002d0000 - 0x00007ffa00470000 	C:\WINDOWS\System32\USER32.dll
0x00007ff9ff000000 - 0x00007ff9ff022000 	C:\WINDOWS\System32\win32u.dll
0x00007ffa00ea0000 - 0x00007ffa00eca000 	C:\WINDOWS\System32\GDI32.dll
0x00007ff9feef0000 - 0x00007ff9feff9000 	C:\WINDOWS\System32\gdi32full.dll
0x00007ff9ec6e0000 - 0x00007ff9ec97b000 	C:\WINDOWS\WinSxS\amd64_microsoft.windows.common-controls_6595b64144ccf1df_6.0.19041.488_none_ca04af081b815d21\COMCTL32.dll
0x00007ff9fe7e0000 - 0x00007ff9fe87d000 	C:\WINDOWS\System32\msvcp_win.dll
0x00007ff9f4160000 - 0x00007ff9f416a000 	C:\WINDOWS\SYSTEM32\VERSION.dll
0x00007ffa00fe0000 - 0x00007ffa01010000 	C:\WINDOWS\System32\IMM32.DLL
0x00007ff9f8650000 - 0x00007ff9f865c000 	C:\Program Files\Java\jdk-15.0.1\bin\vcruntime140_1.dll
0x00007ff9ed280000 - 0x00007ff9ed311000 	C:\Program Files\Java\jdk-15.0.1\bin\msvcp140.dll
0x00007ff9c5b50000 - 0x00007ff9c66ae000 	C:\Program Files\Java\jdk-15.0.1\bin\server\jvm.dll
0x00007ffa00da0000 - 0x00007ffa00da8000 	C:\WINDOWS\System32\PSAPI.DLL
0x00007ff9eade0000 - 0x00007ff9eade9000 	C:\WINDOWS\SYSTEM32\WSOCK32.dll
0x00007ffa00ca0000 - 0x00007ffa00d0b000 	C:\WINDOWS\System32\WS2_32.dll
0x00007ff9eef50000 - 0x00007ff9eef77000 	C:\WINDOWS\SYSTEM32\WINMM.dll
0x00007ff9fd0a0000 - 0x00007ff9fd0b2000 	C:\WINDOWS\SYSTEM32\kernel.appcore.dll
0x00007ff9f6990000 - 0x00007ff9f699a000 	C:\Program Files\Java\jdk-15.0.1\bin\jimage.dll
0x00007ff9fcd80000 - 0x00007ff9fcf64000 	C:\WINDOWS\SYSTEM32\DBGHELP.DLL
0x00007ff9ecc30000 - 0x00007ff9ecc5c000 	C:\WINDOWS\SYSTEM32\dbgcore.DLL
0x00007ff9ff030000 - 0x00007ff9ff0b0000 	C:\WINDOWS\System32\bcryptPrimitives.dll
0x00007ff9f69a0000 - 0x00007ff9f69ae000 	C:\Program Files\Java\jdk-15.0.1\bin\instrument.dll
0x00007ff9ee7f0000 - 0x00007ff9ee815000 	C:\Program Files\Java\jdk-15.0.1\bin\java.dll
0x00007ff9ff0b0000 - 0x00007ff9ff7f2000 	C:\WINDOWS\System32\SHELL32.dll
0x00007ff9fc510000 - 0x00007ff9fcca5000 	C:\WINDOWS\SYSTEM32\windows.storage.dll
0x00007ff9ff8b0000 - 0x00007ff9ffc06000 	C:\WINDOWS\System32\combase.dll
0x00007ff9fe200000 - 0x00007ff9fe22c000 	C:\WINDOWS\SYSTEM32\Wldp.dll
0x00007ffa00f30000 - 0x00007ffa00fde000 	C:\WINDOWS\System32\SHCORE.dll
0x00007ffa00e40000 - 0x00007ffa00e95000 	C:\WINDOWS\System32\shlwapi.dll
0x00007ff9fe6c0000 - 0x00007ff9fe6e6000 	C:\WINDOWS\SYSTEM32\profapi.dll
0x00007ff9ede00000 - 0x00007ff9ede18000 	C:\Program Files\Java\jdk-15.0.1\bin\zip.dll
0x00007ff9ee7d0000 - 0x00007ff9ee7e9000 	C:\Program Files\Java\jdk-15.0.1\bin\net.dll
0x00007ff9f7670000 - 0x00007ff9f7770000 	C:\WINDOWS\SYSTEM32\WINHTTP.dll
0x00007ff9fdf80000 - 0x00007ff9fdfea000 	C:\WINDOWS\system32\mswsock.dll
0x00007ff9ee150000 - 0x00007ff9ee162000 	C:\Program Files\Java\jdk-15.0.1\bin\nio.dll
0x00007ff9e7da0000 - 0x00007ff9e7dba000 	D:\IntelliJ IDEA Community Edition 2020.3.1\bin\breakgen64.dll
0x00007ff9eeb60000 - 0x00007ff9eeb70000 	C:\Program Files\Java\jdk-15.0.1\bin\verify.dll
0x00007ff9ee9e0000 - 0x00007ff9ee9e9000 	C:\Program Files\Java\jdk-15.0.1\bin\management.dll
0x00007ff9ee9b0000 - 0x00007ff9ee9bb000 	C:\Program Files\Java\jdk-15.0.1\bin\management_ext.dll
0x00007ff9d6e20000 - 0x00007ff9d6e37000 	C:\WINDOWS\system32\napinsp.dll
0x00007ff9d7940000 - 0x00007ff9d795b000 	C:\WINDOWS\system32\pnrpnsp.dll
0x00007ff9f8fd0000 - 0x00007ff9f8fe5000 	C:\WINDOWS\system32\wshbth.dll
0x00007ff9fb5e0000 - 0x00007ff9fb5fd000 	C:\WINDOWS\system32\NLAapi.dll
0x00007ff9fdc20000 - 0x00007ff9fdc5b000 	C:\WINDOWS\SYSTEM32\IPHLPAPI.DLL
0x00007ff9fdcb0000 - 0x00007ff9fdd7b000 	C:\WINDOWS\SYSTEM32\DNSAPI.dll
0x00007ff9ff8a0000 - 0x00007ff9ff8a8000 	C:\WINDOWS\System32\NSI.dll
0x00007ff9d7920000 - 0x00007ff9d7932000 	C:\WINDOWS\System32\winrnr.dll
0x00007ff9f6670000 - 0x00007ff9f667a000 	C:\Windows\System32\rasadhlp.dll
0x00007ff9ecc60000 - 0x00007ff9eccdf000 	C:\WINDOWS\System32\fwpuclnt.dll
0x00007ff9feb90000 - 0x00007ff9febb7000 	C:\WINDOWS\System32\bcrypt.dll

dbghelp: loaded successfully - version: 4.0.5 - missing functions: none
symbol engine: initialized successfully - sym options: 0x614 - pdb path: .;C:\Program Files\Java\jdk-15.0.1\bin;C:\WINDOWS\SYSTEM32;C:\WINDOWS\WinSxS\amd64_microsoft.windows.common-controls_6595b64144ccf1df_6.0.19041.488_none_ca04af081b815d21;C:\Program Files\Java\jdk-15.0.1\bin\server;D:\IntelliJ IDEA Community Edition 2020.3.1\bin

VM Arguments:
jvm_args: -javaagent:D:\IntelliJ IDEA Community Edition 2020.3.1\lib\idea_rt.jar=52182:D:\IntelliJ IDEA Community Edition 2020.3.1\bin -Dfile.encoding=UTF-8 
java_command: com.paytm.inpg.Application
java_class_path (initial): D:\springboot-usermanagement\target\classes;C:\Users\Dell\.m2\repository\org\springframework\boot\spring-boot-starter-data-jpa\2.4.2\spring-boot-starter-data-jpa-2.4.2.jar;C:\Users\Dell\.m2\repository\org\springframework\boot\spring-boot-starter-aop\2.4.2\spring-boot-starter-aop-2.4.2.jar;C:\Users\Dell\.m2\repository\org\aspectj\aspectjweaver\1.9.6\aspectjweaver-1.9.6.jar;C:\Users\Dell\.m2\repository\org\springframework\boot\spring-boot-starter-jdbc\2.4.2\spring-boot-starter-jdbc-2.4.2.jar;C:\Users\Dell\.m2\repository\com\zaxxer\HikariCP\3.4.5\HikariCP-3.4.5.jar;C:\Users\Dell\.m2\repository\org\springframework\spring-jdbc\5.3.3\spring-jdbc-5.3.3.jar;C:\Users\Dell\.m2\repository\jakarta\transaction\jakarta.transaction-api\1.3.3\jakarta.transaction-api-1.3.3.jar;C:\Users\Dell\.m2\repository\jakarta\persistence\jakarta.persistence-api\2.2.3\jakarta.persistence-api-2.2.3.jar;C:\Users\Dell\.m2\repository\org\hibernate\hibernate-core\5.4.27.Final\hibernate-core-5.4.27.Final.jar;C:\Users\Dell\.m2\repository\org\jboss\logging\jboss-logging\3.4.1.Final\jboss-logging-3.4.1.Final.jar;C:\Users\Dell\.m2\repository\org\javassist\javassist\3.27.0-GA\javassist-3.27.0-GA.jar;C:\Users\Dell\.m2\repository\net\bytebuddy\byte-buddy\1.10.19\byte-buddy-1.10.19.jar;C:\Users\Dell\.m2\repository\antlr\antlr\2.7.7\antlr-2.7.7.jar;C:\Users\Dell\.m2\repository\org\jboss\jandex\2.1.3.Final\jandex-2.1.3.Final.jar;C:\Users\Dell\.m2\repository\com\fasterxml\classmate\1.5.1\classmate-1.5.1.jar;C:\Users\Dell\.m2\repository\org\dom4j\dom4j\2.1.3\dom4j-2.1.3.jar;C:\Users\Dell\.m2\repository\org\hibernate\common\hibernate-commons-annotations\5.1.2.Final\hibernate-commons-annotations-5.1.2.Final.jar;C:\Users\Dell\.m2\repository\org\glassfish\jaxb\jaxb-runtime\2.3.3\jaxb-runtime-2.3.3.jar;C:\Users\Dell\.m2\repository\org\glassfish\jaxb\txw2\2.3.3\txw2-2.3.3.jar;C:\Users\Dell\.m2\repository\com\sun\istack\istack-commons-runtime\3.0.11\istack-commons-runtime-3.0.11.jar;C:\Users\
Launcher Type: SUN_STANDARD

[Global flags]
     intx CICompilerCount                          = 4                                         {product} {ergonomic}
     uint ConcGCThreads                            = 2                                         {product} {ergonomic}
     uint G1ConcRefinementThreads                  = 8                                         {product} {ergonomic}
   size_t G1HeapRegionSize                         = 1048576                                   {product} {ergonomic}
    uintx GCDrainStackTargetSize                   = 64                                        {product} {ergonomic}
   size_t InitialHeapSize                          = 134217728                                 {product} {ergonomic}
   size_t MarkStackSize                            = 4194304                                   {product} {ergonomic}
   size_t MaxHeapSize                              = 2122317824                                {product} {ergonomic}
   size_t MaxNewSize                               = 1272971264                                {product} {ergonomic}
   size_t MinHeapDeltaBytes                        = 1048576                                   {product} {ergonomic}
   size_t MinHeapSize                              = 8388608                                   {product} {ergonomic}
    uintx NonNMethodCodeHeapSize                   = 5839372                                {pd product} {ergonomic}
    uintx NonProfiledCodeHeapSize                  = 122909434                              {pd product} {ergonomic}
    uintx ProfiledCodeHeapSize                     = 122909434                              {pd product} {ergonomic}
    uintx ReservedCodeCacheSize                    = 251658240                              {pd product} {ergonomic}
     bool SegmentedCodeCache                       = true                                      {product} {ergonomic}
   size_t SoftMaxHeapSize                          = 2122317824                             {manageable} {ergonomic}
     bool UseCompressedClassPointers               = true                                 {lp64_product} {ergonomic}
     bool UseCompressedOops                        = true                                 {lp64_product} {ergonomic}
     bool UseG1GC                                  = true                                      {product} {ergonomic}
     bool UseLargePagesIndividualAllocation        = false                                  {pd product} {ergonomic}

Logging:
Log output configuration:
 #0: stdout all=warning uptime,level,tags
 #1: stderr all=off uptime,level,tags

Environment Variables:
JAVA_HOME=C:\Program Files\Java\jdk-15.0.1
PATH=C:\Program Files\Common Files\Oracle\Java\javapath;C:\Program Files (x86)\Common Files\Oracle\Java\javapath;C:\Program Files (x86)\Intel\Intel(R) Management Engine Components\iCLS\;C:\Program Files\Intel\Intel(R) Management Engine Components\iCLS\;C:\WINDOWS\system32;C:\WINDOWS;C:\WINDOWS\System32\Wbem;C:\WINDOWS\System32\WindowsPowerShell\v1.0\;C:\WINDOWS\System32\OpenSSH\;C:\Program Files (x86)\Intel\Intel(R) Management Engine Components\DAL;C:\Program Files\Intel\Intel(R) Management Engine Components\DAL;C:\Program Files (x86)\Intel\Intel(R) Management Engine Components\IPT;C:\Program Files\Intel\Intel(R) Management Engine Components\IPT;C:\Program Files (x86)\SMLNJ\bin\;C:\Program Files\Git\cmd;C:\Program Files\MongoDB\Server\4.2\bin;C:\MinGW\bin;D:\bin;D:\Matlab2016\runtime\win64;D:\Matlab2016\bin;D:\Matlab2016\polyspace\bin;C:\Program Files\Java\jdk-15.0.1\bin;C:\Users\Dell\AppData\Local\Programs\Python\Python38\Scripts\;C:\Users\Dell\AppData\Local\Programs\Python\Python38\;C:\Program Files\MySQL\MySQL Shell 8.0\bin\;C:\Users\Dell\AppData\Local\Microsoft\WindowsApps;;C:\Users\Dell\AppData\Local\Programs\Microsoft VS Code\bin;D:\IntelliJ IDEA Community Edition 2020.3.1\bin;
USERNAME=Dell
OS=Windows_NT
PROCESSOR_IDENTIFIER=Intel64 Family 6 Model 142 Stepping 10, GenuineIntel



---------------  S Y S T E M  ---------------

OS:
 Windows 10 , 64 bit Build 19041 (10.0.19041.662)
OS uptime: 13 days 6:19 hours

CPU: total 8 (initial active 8) (4 cores per cpu, 2 threads per core) family 6 model 142 stepping 10 microcode 0xb4, cmov, cx8, fxsr, mmx, sse, sse2, sse3, ssse3, sse4.1, sse4.2, popcnt, vzeroupper, avx, avx2, aes, clmul, erms, 3dnowpref, lzcnt, ht, tsc, tscinvbit, bmi1, bmi2, adx, fma, clflush, clflushopt

Memory: 4k page, system-wide physical 8089M (461M free)
TotalPageFile size 21462M (AvailPageFile size 5M)
current process WorkingSet (physical memory assigned to process): 107M, peak: 107M
current process commit charge ("private bytes"): 247M, peak: 247M

vm_info: Java HotSpot(TM) 64-Bit Server VM (15.0.1+9-18) for windows-amd64 JRE (15.0.1+9-18), built on Sep 15 2020 14:43:54 by "mach5one" with unknown MS VC++:1925

END.
